2020-06-06 23:48:11,517 INFO =*=*=*=*=*=*=*=*=*=*=*=*=*=*=*=*=*=*=*=*=*
2020-06-06 23:48:11,517 INFO =*=*=*=*=*=.      NEW LOG      =*=*=*=*=*
2020-06-06 23:48:11,518 INFO =*=*=*=*=*=*=*=*=*=*=*=*=*=*=*=*=*=*=*=*=*
2020-06-06 23:49:17,000 INFO =*=*=*=*=*=*=*=*=*=*=*=*=*=*=*=*=*=*=*=*=*
2020-06-06 23:49:17,000 INFO =*=*=*=*=*=.      NEW LOG      =*=*=*=*=*
2020-06-06 23:49:17,001 INFO =*=*=*=*=*=*=*=*=*=*=*=*=*=*=*=*=*=*=*=*=*
2020-06-07 00:32:40,645 INFO =*=*=*=*=*=*=*=*=*=*=*=*=*=*=*=*=*=*=*=*=*
2020-06-07 00:32:40,646 INFO =*=*=*=*=*=.      NEW LOG      =*=*=*=*=*
2020-06-07 00:32:40,647 INFO =*=*=*=*=*=*=*=*=*=*=*=*=*=*=*=*=*=*=*=*=*
2020-06-07 00:33:40,867 INFO =*=*=*=*=*=*=*=*=*=*=*=*=*=*=*=*=*=*=*=*=*
2020-06-07 00:33:40,868 INFO =*=*=*=*=*=.      NEW LOG      =*=*=*=*=*
2020-06-07 00:33:40,869 INFO =*=*=*=*=*=*=*=*=*=*=*=*=*=*=*=*=*=*=*=*=*
2020-06-07 00:33:51,892 INFO =*=*=*=*=*=*=*=*=*=*=*=*=*=*=*=*=*=*=*=*=*
2020-06-07 00:33:51,893 INFO =*=*=*=*=*=.      NEW LOG      =*=*=*=*=*
2020-06-07 00:33:51,894 INFO =*=*=*=*=*=*=*=*=*=*=*=*=*=*=*=*=*=*=*=*=*
2020-06-07 00:34:22,265 INFO =*=*=*=*=*=*=*=*=*=*=*=*=*=*=*=*=*=*=*=*=*
2020-06-07 00:34:22,266 INFO =*=*=*=*=*=.      NEW LOG      =*=*=*=*=*
2020-06-07 00:34:22,267 INFO =*=*=*=*=*=*=*=*=*=*=*=*=*=*=*=*=*=*=*=*=*
2020-06-07 00:38:29,749 INFO =*=*=*=*=*=*=*=*=*=*=*=*=*=*=*=*=*=*=*=*=*
2020-06-07 00:38:29,750 INFO =*=*=*=*=*=.      NEW LOG      =*=*=*=*=*
2020-06-07 00:38:29,751 INFO =*=*=*=*=*=*=*=*=*=*=*=*=*=*=*=*=*=*=*=*=*
2020-06-07 00:46:26,837 INFO =*=*=*=*=*=*=*=*=*=*=*=*=*=*=*=*=*=*=*=*=*
2020-06-07 00:46:26,838 INFO =*=*=*=*=*=.      NEW LOG      =*=*=*=*=*
2020-06-07 00:46:26,839 INFO =*=*=*=*=*=*=*=*=*=*=*=*=*=*=*=*=*=*=*=*=*
2020-06-07 00:47:33,058 INFO =*=*=*=*=*=*=*=*=*=*=*=*=*=*=*=*=*=*=*=*=*
2020-06-07 00:47:33,059 INFO =*=*=*=*=*=.      NEW LOG      =*=*=*=*=*
2020-06-07 00:47:33,060 INFO =*=*=*=*=*=*=*=*=*=*=*=*=*=*=*=*=*=*=*=*=*
2020-06-07 00:47:54,511 INFO =*=*=*=*=*=*=*=*=*=*=*=*=*=*=*=*=*=*=*=*=*
2020-06-07 00:47:54,512 INFO =*=*=*=*=*=.      NEW LOG      =*=*=*=*=*
2020-06-07 00:47:54,513 INFO =*=*=*=*=*=*=*=*=*=*=*=*=*=*=*=*=*=*=*=*=*
2020-06-07 00:48:00,271 INFO =*=*=*=*=*=*=*=*=*=*=*=*=*=*=*=*=*=*=*=*=*
2020-06-07 00:48:00,272 INFO =*=*=*=*=*=.      NEW LOG      =*=*=*=*=*
2020-06-07 00:48:00,273 INFO =*=*=*=*=*=*=*=*=*=*=*=*=*=*=*=*=*=*=*=*=*
2020-06-07 00:48:42,443 INFO =*=*=*=*=*=*=*=*=*=*=*=*=*=*=*=*=*=*=*=*=*
2020-06-07 00:48:42,444 INFO =*=*=*=*=*=.      NEW LOG      =*=*=*=*=*
2020-06-07 00:48:42,445 INFO =*=*=*=*=*=*=*=*=*=*=*=*=*=*=*=*=*=*=*=*=*
2020-06-07 00:51:20,263 INFO =*=*=*=*=*=*=*=*=*=*=*=*=*=*=*=*=*=*=*=*=*
2020-06-07 00:51:20,264 INFO =*=*=*=*=*=.      NEW LOG      =*=*=*=*=*
2020-06-07 00:51:20,266 INFO =*=*=*=*=*=*=*=*=*=*=*=*=*=*=*=*=*=*=*=*=*
2020-06-07 00:58:17,747 INFO =*=*=*=*=*=*=*=*=*=*=*=*=*=*=*=*=*=*=*=*=*
2020-06-07 00:58:17,748 INFO =*=*=*=*=*=.      NEW LOG      =*=*=*=*=*
2020-06-07 00:58:17,749 INFO =*=*=*=*=*=*=*=*=*=*=*=*=*=*=*=*=*=*=*=*=*
2020-06-07 01:02:13,473 INFO =*=*=*=*=*=*=*=*=*=*=*=*=*=*=*=*=*=*=*=*=*
2020-06-07 01:02:13,474 INFO =*=*=*=*=*=.      NEW LOG      =*=*=*=*=*
2020-06-07 01:02:13,475 INFO =*=*=*=*=*=*=*=*=*=*=*=*=*=*=*=*=*=*=*=*=*
2020-06-07 01:26:05,458 INFO =*=*=*=*=*=*=*=*=*=*=*=*=*=*=*=*=*=*=*=*=*
2020-06-07 01:26:05,459 INFO =*=*=*=*=*=.      NEW LOG      =*=*=*=*=*
2020-06-07 01:26:05,460 INFO =*=*=*=*=*=*=*=*=*=*=*=*=*=*=*=*=*=*=*=*=*
2020-06-20 16:15:47,833 INFO =*=*=*=*=*=*=*=*=*=*=*=*=*=*=*=*=*=*=*=*=*
2020-06-20 16:15:47,840 INFO =*=*=*=*=*=.      NEW LOG      =*=*=*=*=*
2020-06-20 16:15:47,842 INFO =*=*=*=*=*=*=*=*=*=*=*=*=*=*=*=*=*=*=*=*=*
2020-06-20 16:16:11,220 INFO =*=*=*=*=*=*=*=*=*=*=*=*=*=*=*=*=*=*=*=*=*
2020-06-20 16:16:11,222 INFO =*=*=*=*=*=.      NEW LOG      =*=*=*=*=*
2020-06-20 16:16:11,222 INFO =*=*=*=*=*=*=*=*=*=*=*=*=*=*=*=*=*=*=*=*=*
2020-06-20 16:16:18,500 INFO =*=*=*=*=*=*=*=*=*=*=*=*=*=*=*=*=*=*=*=*=*
2020-06-20 16:16:18,501 INFO =*=*=*=*=*=.      NEW LOG      =*=*=*=*=*
2020-06-20 16:16:18,502 INFO =*=*=*=*=*=*=*=*=*=*=*=*=*=*=*=*=*=*=*=*=*
2020-06-20 16:16:34,405 INFO =*=*=*=*=*=*=*=*=*=*=*=*=*=*=*=*=*=*=*=*=*
2020-06-20 16:16:34,408 INFO =*=*=*=*=*=.      NEW LOG      =*=*=*=*=*
2020-06-20 16:16:34,409 INFO =*=*=*=*=*=*=*=*=*=*=*=*=*=*=*=*=*=*=*=*=*
2020-06-20 16:17:37,784 INFO =*=*=*=*=*=*=*=*=*=*=*=*=*=*=*=*=*=*=*=*=*
2020-06-20 16:17:37,786 INFO =*=*=*=*=*=.      NEW LOG      =*=*=*=*=*
2020-06-20 16:17:37,786 INFO =*=*=*=*=*=*=*=*=*=*=*=*=*=*=*=*=*=*=*=*=*
2020-06-20 16:19:57,134 INFO =*=*=*=*=*=*=*=*=*=*=*=*=*=*=*=*=*=*=*=*=*
2020-06-20 16:19:57,136 INFO =*=*=*=*=*=.      NEW LOG      =*=*=*=*=*
2020-06-20 16:19:57,136 INFO =*=*=*=*=*=*=*=*=*=*=*=*=*=*=*=*=*=*=*=*=*
2020-06-20 16:19:59,199 INFO BEST PLAYER VERSION: 0
2020-06-20 16:19:59,201 INFO ====================
2020-06-20 16:19:59,202 INFO EPISODE 1 OF 30
2020-06-20 16:19:59,203 INFO ====================
2020-06-20 16:19:59,207 INFO best_player plays as X
2020-06-20 16:19:59,208 INFO ['-', '-', '-', '-', '-', '-', '-']
2020-06-20 16:19:59,210 INFO ['-', '-', '-', '-', '-', '-', '-']
2020-06-20 16:19:59,212 INFO ['-', '-', '-', '-', '-', '-', '-']
2020-06-20 16:19:59,213 INFO ['-', '-', '-', '-', '-', '-', '-']
2020-06-20 16:19:59,214 INFO ['-', '-', '-', '-', '-', '-', '-']
2020-06-20 16:19:59,215 INFO ['-', '-', '-', '-', '-', '-', '-']
2020-06-20 16:19:59,216 INFO --------------
2020-06-20 16:20:04,476 INFO action: 41
2020-06-20 16:20:04,477 INFO ['----', '----', '----', '----', '----', '----', '----']
2020-06-20 16:20:04,478 INFO ['----', '----', '----', '----', '----', '----', '----']
2020-06-20 16:20:04,479 INFO ['----', '----', '----', '----', '----', '----', '----']
2020-06-20 16:20:04,480 INFO ['----', '----', '----', '----', '----', '----', '----']
2020-06-20 16:20:04,480 INFO ['----', '----', '----', '----', '----', '----', '----']
2020-06-20 16:20:04,481 INFO ['0.12', '0.10', '0.14', '0.16', '0.16', '0.16', '0.14']
2020-06-20 16:20:04,482 INFO MCTS perceived value for X: 0.030000
2020-06-20 16:20:04,483 INFO NN perceived value for X: -0.040000
2020-06-20 16:20:04,484 INFO ====================
2020-06-20 16:20:04,486 INFO ['-', '-', '-', '-', '-', '-', '-']
2020-06-20 16:20:04,487 INFO ['-', '-', '-', '-', '-', '-', '-']
2020-06-20 16:20:04,487 INFO ['-', '-', '-', '-', '-', '-', '-']
2020-06-20 16:20:04,488 INFO ['-', '-', '-', '-', '-', '-', '-']
2020-06-20 16:20:04,491 INFO ['-', '-', '-', '-', '-', '-', '-']
2020-06-20 16:20:04,492 INFO ['-', '-', '-', '-', '-', '-', 'X']
2020-06-20 16:20:04,493 INFO --------------
2020-06-20 16:20:08,358 INFO action: 38
2020-06-20 16:20:08,359 INFO ['----', '----', '----', '----', '----', '----', '----']
2020-06-20 16:20:08,360 INFO ['----', '----', '----', '----', '----', '----', '----']
2020-06-20 16:20:08,362 INFO ['----', '----', '----', '----', '----', '----', '----']
2020-06-20 16:20:08,363 INFO ['----', '----', '----', '----', '----', '----', '----']
2020-06-20 16:20:08,364 INFO ['----', '----', '----', '----', '----', '----', '0.12']
2020-06-20 16:20:08,366 INFO ['0.14', '0.12', '0.12', '0.16', '0.14', '0.18', '----']
2020-06-20 16:20:08,367 INFO MCTS perceived value for O: 0.080000
2020-06-20 16:20:08,368 INFO NN perceived value for O: -0.030000
2020-06-20 16:20:08,369 INFO ====================
2020-06-20 16:20:08,371 INFO ['-', '-', '-', '-', '-', '-', '-']
2020-06-20 16:20:08,373 INFO ['-', '-', '-', '-', '-', '-', '-']
2020-06-20 16:20:08,374 INFO ['-', '-', '-', '-', '-', '-', '-']
2020-06-20 16:20:08,376 INFO ['-', '-', '-', '-', '-', '-', '-']
2020-06-20 16:20:08,377 INFO ['-', '-', '-', '-', '-', '-', '-']
2020-06-20 16:20:08,378 INFO ['-', '-', '-', 'O', '-', '-', 'X']
2020-06-20 16:20:08,379 INFO --------------
2020-06-20 16:20:11,853 INFO action: 34
2020-06-20 16:20:11,854 INFO ['----', '----', '----', '----', '----', '----', '----']
2020-06-20 16:20:11,855 INFO ['----', '----', '----', '----', '----', '----', '----']
2020-06-20 16:20:11,855 INFO ['----', '----', '----', '----', '----', '----', '----']
2020-06-20 16:20:11,856 INFO ['----', '----', '----', '----', '----', '----', '----']
2020-06-20 16:20:11,857 INFO ['----', '----', '----', '0.14', '----', '----', '0.10']
2020-06-20 16:20:11,858 INFO ['0.16', '0.10', '0.17', '----', '0.17', '0.16', '----']
2020-06-20 16:20:11,859 INFO MCTS perceived value for X: 0.030000
2020-06-20 16:20:11,859 INFO NN perceived value for X: -0.110000
2020-06-20 16:20:11,860 INFO ====================
2020-06-20 16:20:11,861 INFO ['-', '-', '-', '-', '-', '-', '-']
2020-06-20 16:20:11,862 INFO ['-', '-', '-', '-', '-', '-', '-']
2020-06-20 16:20:11,862 INFO ['-', '-', '-', '-', '-', '-', '-']
2020-06-20 16:20:11,863 INFO ['-', '-', '-', '-', '-', '-', '-']
2020-06-20 16:20:11,864 INFO ['-', '-', '-', '-', '-', '-', 'X']
2020-06-20 16:20:11,864 INFO ['-', '-', '-', 'O', '-', '-', 'X']
2020-06-20 16:20:11,865 INFO --------------
2020-06-20 16:20:15,520 INFO action: 39
2020-06-20 16:20:15,521 INFO ['----', '----', '----', '----', '----', '----', '----']
2020-06-20 16:20:15,522 INFO ['----', '----', '----', '----', '----', '----', '----']
2020-06-20 16:20:15,523 INFO ['----', '----', '----', '----', '----', '----', '----']
2020-06-20 16:20:15,523 INFO ['----', '----', '----', '----', '----', '----', '0.16']
2020-06-20 16:20:15,524 INFO ['----', '----', '----', '0.11', '----', '----', '----']
2020-06-20 16:20:15,525 INFO ['0.15', '0.11', '0.13', '----', '0.16', '0.18', '----']
2020-06-20 16:20:15,526 INFO MCTS perceived value for O: 0.100000
2020-06-20 16:20:15,526 INFO NN perceived value for O: -0.070000
2020-06-20 16:20:15,527 INFO ====================
2020-06-20 16:20:15,528 INFO ['-', '-', '-', '-', '-', '-', '-']
2020-06-20 16:20:15,528 INFO ['-', '-', '-', '-', '-', '-', '-']
2020-06-20 16:20:15,529 INFO ['-', '-', '-', '-', '-', '-', '-']
2020-06-20 16:20:15,529 INFO ['-', '-', '-', '-', '-', '-', '-']
2020-06-20 16:20:15,530 INFO ['-', '-', '-', '-', '-', '-', 'X']
2020-06-20 16:20:15,531 INFO ['-', '-', '-', 'O', 'O', '-', 'X']
2020-06-20 16:20:15,531 INFO --------------
2020-06-20 16:20:19,178 INFO action: 40
2020-06-20 16:20:19,179 INFO ['----', '----', '----', '----', '----', '----', '----']
2020-06-20 16:20:19,179 INFO ['----', '----', '----', '----', '----', '----', '----']
2020-06-20 16:20:19,180 INFO ['----', '----', '----', '----', '----', '----', '----']
2020-06-20 16:20:19,181 INFO ['----', '----', '----', '----', '----', '----', '0.16']
2020-06-20 16:20:19,182 INFO ['----', '----', '----', '0.16', '0.12', '----', '----']
2020-06-20 16:20:19,182 INFO ['0.16', '0.10', '0.16', '----', '----', '0.16', '----']
2020-06-20 16:20:19,183 INFO MCTS perceived value for X: 0.060000
2020-06-20 16:20:19,184 INFO NN perceived value for X: -0.150000
2020-06-20 16:20:19,184 INFO ====================
2020-06-20 16:20:19,185 INFO ['-', '-', '-', '-', '-', '-', '-']
2020-06-20 16:20:19,186 INFO ['-', '-', '-', '-', '-', '-', '-']
2020-06-20 16:20:19,187 INFO ['-', '-', '-', '-', '-', '-', '-']
2020-06-20 16:20:19,187 INFO ['-', '-', '-', '-', '-', '-', '-']
2020-06-20 16:20:19,188 INFO ['-', '-', '-', '-', '-', '-', 'X']
2020-06-20 16:20:19,189 INFO ['-', '-', '-', 'O', 'O', 'X', 'X']
2020-06-20 16:20:19,189 INFO --------------
2020-06-20 16:20:22,839 INFO action: 37
2020-06-20 16:20:22,841 INFO ['----', '----', '----', '----', '----', '----', '----']
2020-06-20 16:20:22,842 INFO ['----', '----', '----', '----', '----', '----', '----']
2020-06-20 16:20:22,843 INFO ['----', '----', '----', '----', '----', '----', '----']
2020-06-20 16:20:22,844 INFO ['----', '----', '----', '----', '----', '----', '0.17']
2020-06-20 16:20:22,845 INFO ['----', '----', '----', '0.14', '0.16', '0.12', '----']
2020-06-20 16:20:22,846 INFO ['0.16', '0.10', '0.16', '----', '----', '----', '----']
2020-06-20 16:20:22,847 INFO MCTS perceived value for O: 0.110000
2020-06-20 16:20:22,848 INFO NN perceived value for O: -0.150000
2020-06-20 16:20:22,849 INFO ====================
2020-06-20 16:20:22,851 INFO ['-', '-', '-', '-', '-', '-', '-']
2020-06-20 16:20:22,852 INFO ['-', '-', '-', '-', '-', '-', '-']
2020-06-20 16:20:22,853 INFO ['-', '-', '-', '-', '-', '-', '-']
2020-06-20 16:20:22,854 INFO ['-', '-', '-', '-', '-', '-', '-']
2020-06-20 16:20:22,854 INFO ['-', '-', '-', '-', '-', '-', 'X']
2020-06-20 16:20:22,855 INFO ['-', '-', 'O', 'O', 'O', 'X', 'X']
2020-06-20 16:20:22,856 INFO --------------
2020-06-20 16:20:26,351 INFO action: 30
2020-06-20 16:20:26,352 INFO ['----', '----', '----', '----', '----', '----', '----']
2020-06-20 16:20:26,353 INFO ['----', '----', '----', '----', '----', '----', '----']
2020-06-20 16:20:26,355 INFO ['----', '----', '----', '----', '----', '----', '----']
2020-06-20 16:20:26,356 INFO ['----', '----', '----', '----', '----', '----', '0.09']
2020-06-20 16:20:26,357 INFO ['----', '----', '0.14', '0.14', '0.12', '0.12', '----']
2020-06-20 16:20:26,358 INFO ['0.12', '0.28', '----', '----', '----', '----', '----']
2020-06-20 16:20:26,359 INFO MCTS perceived value for X: -0.190000
2020-06-20 16:20:26,367 INFO NN perceived value for X: -0.210000
2020-06-20 16:20:26,368 INFO ====================
2020-06-20 16:20:26,369 INFO ['-', '-', '-', '-', '-', '-', '-']
2020-06-20 16:20:26,370 INFO ['-', '-', '-', '-', '-', '-', '-']
2020-06-20 16:20:26,370 INFO ['-', '-', '-', '-', '-', '-', '-']
2020-06-20 16:20:26,371 INFO ['-', '-', '-', '-', '-', '-', '-']
2020-06-20 16:20:26,372 INFO ['-', '-', 'X', '-', '-', '-', 'X']
2020-06-20 16:20:26,373 INFO ['-', '-', 'O', 'O', 'O', 'X', 'X']
2020-06-20 16:20:26,375 INFO --------------
2020-06-20 16:20:28,409 INFO action: 32
2020-06-20 16:20:28,410 INFO ['----', '----', '----', '----', '----', '----', '----']
2020-06-20 16:20:28,411 INFO ['----', '----', '----', '----', '----', '----', '----']
2020-06-20 16:20:28,412 INFO ['----', '----', '----', '----', '----', '----', '----']
2020-06-20 16:20:28,413 INFO ['----', '----', '0.02', '----', '----', '----', '0.02']
2020-06-20 16:20:28,414 INFO ['----', '----', '----', '0.02', '0.02', '0.02', '----']
2020-06-20 16:20:28,416 INFO ['0.02', '0.89', '----', '----', '----', '----', '----']
2020-06-20 16:20:28,416 INFO MCTS perceived value for O: -0.160000
2020-06-20 16:20:28,417 INFO NN perceived value for O: -0.160000
2020-06-20 16:20:28,418 INFO ====================
2020-06-20 16:20:28,419 INFO ['-', '-', '-', '-', '-', '-', '-']
2020-06-20 16:20:28,420 INFO ['-', '-', '-', '-', '-', '-', '-']
2020-06-20 16:20:28,421 INFO ['-', '-', '-', '-', '-', '-', '-']
2020-06-20 16:20:28,422 INFO ['-', '-', '-', '-', '-', '-', '-']
2020-06-20 16:20:28,423 INFO ['-', '-', 'X', '-', 'O', '-', 'X']
2020-06-20 16:20:28,424 INFO ['-', '-', 'O', 'O', 'O', 'X', 'X']
2020-06-20 16:20:28,425 INFO --------------
2020-06-20 16:20:31,693 INFO action: 36
2020-06-20 16:20:31,694 INFO ['----', '----', '----', '----', '----', '----', '----']
2020-06-20 16:20:31,695 INFO ['----', '----', '----', '----', '----', '----', '----']
2020-06-20 16:20:31,696 INFO ['----', '----', '----', '----', '----', '----', '----']
2020-06-20 16:20:31,697 INFO ['----', '----', '0.12', '----', '0.10', '----', '0.10']
2020-06-20 16:20:31,697 INFO ['----', '----', '----', '0.14', '----', '0.12', '----']
2020-06-20 16:20:31,698 INFO ['0.12', '0.30', '----', '----', '----', '----', '----']
2020-06-20 16:20:31,699 INFO MCTS perceived value for X: -0.010000
2020-06-20 16:20:31,700 INFO NN perceived value for X: -0.160000
2020-06-20 16:20:31,700 INFO ====================
2020-06-20 16:20:31,701 INFO ['-', '-', '-', '-', '-', '-', '-']
2020-06-20 16:20:31,702 INFO ['-', '-', '-', '-', '-', '-', '-']
2020-06-20 16:20:31,703 INFO ['-', '-', '-', '-', '-', '-', '-']
2020-06-20 16:20:31,706 INFO ['-', '-', '-', '-', '-', '-', '-']
2020-06-20 16:20:31,707 INFO ['-', '-', 'X', '-', 'O', '-', 'X']
2020-06-20 16:20:31,708 INFO ['-', 'X', 'O', 'O', 'O', 'X', 'X']
2020-06-20 16:20:31,709 INFO --------------
2020-06-20 16:20:35,494 INFO action: 25
2020-06-20 16:20:35,495 INFO ['----', '----', '----', '----', '----', '----', '----']
2020-06-20 16:20:35,496 INFO ['----', '----', '----', '----', '----', '----', '----']
2020-06-20 16:20:35,496 INFO ['----', '----', '----', '----', '----', '----', '----']
2020-06-20 16:20:35,498 INFO ['----', '----', '0.14', '----', '0.20', '----', '0.14']
2020-06-20 16:20:35,499 INFO ['----', '0.12', '----', '0.16', '----', '0.14', '----']
2020-06-20 16:20:35,500 INFO ['0.09', '----', '----', '----', '----', '----', '----']
2020-06-20 16:20:35,501 INFO MCTS perceived value for O: 0.130000
2020-06-20 16:20:35,502 INFO NN perceived value for O: -0.130000
2020-06-20 16:20:35,503 INFO ====================
2020-06-20 16:20:35,504 INFO ['-', '-', '-', '-', '-', '-', '-']
2020-06-20 16:20:35,505 INFO ['-', '-', '-', '-', '-', '-', '-']
2020-06-20 16:20:35,508 INFO ['-', '-', '-', '-', '-', '-', '-']
2020-06-20 16:20:35,510 INFO ['-', '-', '-', '-', 'O', '-', '-']
2020-06-20 16:20:35,512 INFO ['-', '-', 'X', '-', 'O', '-', 'X']
2020-06-20 16:20:35,513 INFO ['-', 'X', 'O', 'O', 'O', 'X', 'X']
2020-06-20 16:20:35,514 INFO --------------
2020-06-20 16:20:40,009 INFO action: 18
2020-06-20 16:20:40,010 INFO ['----', '----', '----', '----', '----', '----', '----']
2020-06-20 16:20:40,012 INFO ['----', '----', '----', '----', '----', '----', '----']
2020-06-20 16:20:40,014 INFO ['----', '----', '----', '----', '0.71', '----', '----']
2020-06-20 16:20:40,016 INFO ['----', '----', '0.11', '----', '----', '----', '0.05']
2020-06-20 16:20:40,017 INFO ['----', '0.03', '----', '0.03', '----', '0.03', '----']
2020-06-20 16:20:40,018 INFO ['0.03', '----', '----', '----', '----', '----', '----']
2020-06-20 16:20:40,019 INFO MCTS perceived value for X: -0.080000
2020-06-20 16:20:40,020 INFO NN perceived value for X: -0.170000
2020-06-20 16:20:40,021 INFO ====================
2020-06-20 16:20:40,024 INFO ['-', '-', '-', '-', '-', '-', '-']
2020-06-20 16:20:40,026 INFO ['-', '-', '-', '-', '-', '-', '-']
2020-06-20 16:20:40,027 INFO ['-', '-', '-', '-', 'X', '-', '-']
2020-06-20 16:20:40,027 INFO ['-', '-', '-', '-', 'O', '-', '-']
2020-06-20 16:20:40,029 INFO ['-', '-', 'X', '-', 'O', '-', 'X']
2020-06-20 16:20:40,030 INFO ['-', 'X', 'O', 'O', 'O', 'X', 'X']
2020-06-20 16:20:40,030 INFO --------------
2020-06-20 16:20:44,389 INFO action: 11
2020-06-20 16:20:44,390 INFO ['----', '----', '----', '----', '----', '----', '----']
2020-06-20 16:20:44,391 INFO ['----', '----', '----', '----', '0.17', '----', '----']
2020-06-20 16:20:44,391 INFO ['----', '----', '----', '----', '----', '----', '----']
2020-06-20 16:20:44,392 INFO ['----', '----', '0.16', '----', '----', '----', '0.16']
2020-06-20 16:20:44,393 INFO ['----', '0.16', '----', '0.04', '----', '0.16', '----']
2020-06-20 16:20:44,394 INFO ['0.14', '----', '----', '----', '----', '----', '----']
2020-06-20 16:20:44,395 INFO MCTS perceived value for O: 0.020000
2020-06-20 16:20:44,396 INFO NN perceived value for O: -0.150000
2020-06-20 16:20:44,397 INFO ====================
2020-06-20 16:20:44,399 INFO ['-', '-', '-', '-', '-', '-', '-']
2020-06-20 16:20:44,400 INFO ['-', '-', '-', '-', 'O', '-', '-']
2020-06-20 16:20:44,401 INFO ['-', '-', '-', '-', 'X', '-', '-']
2020-06-20 16:20:44,402 INFO ['-', '-', '-', '-', 'O', '-', '-']
2020-06-20 16:20:44,403 INFO ['-', '-', 'X', '-', 'O', '-', 'X']
2020-06-20 16:20:44,404 INFO ['-', 'X', 'O', 'O', 'O', 'X', 'X']
2020-06-20 16:20:44,404 INFO --------------
2020-06-20 16:20:47,931 INFO action: 27
2020-06-20 16:20:47,932 INFO ['----', '----', '----', '----', '0.18', '----', '----']
2020-06-20 16:20:47,933 INFO ['----', '----', '----', '----', '----', '----', '----']
2020-06-20 16:20:47,934 INFO ['----', '----', '----', '----', '----', '----', '----']
2020-06-20 16:20:47,935 INFO ['----', '----', '0.09', '----', '----', '----', '0.20']
2020-06-20 16:20:47,937 INFO ['----', '0.14', '----', '0.14', '----', '0.15', '----']
2020-06-20 16:20:47,938 INFO ['0.09', '----', '----', '----', '----', '----', '----']
2020-06-20 16:20:47,939 INFO MCTS perceived value for X: 0.090000
2020-06-20 16:20:47,940 INFO NN perceived value for X: -0.170000
2020-06-20 16:20:47,940 INFO ====================
2020-06-20 16:20:47,941 INFO ['-', '-', '-', '-', '-', '-', '-']
2020-06-20 16:20:47,942 INFO ['-', '-', '-', '-', 'O', '-', '-']
2020-06-20 16:20:47,943 INFO ['-', '-', '-', '-', 'X', '-', '-']
2020-06-20 16:20:47,943 INFO ['-', '-', '-', '-', 'O', '-', 'X']
2020-06-20 16:20:47,944 INFO ['-', '-', 'X', '-', 'O', '-', 'X']
2020-06-20 16:20:47,945 INFO ['-', 'X', 'O', 'O', 'O', 'X', 'X']
2020-06-20 16:20:47,946 INFO --------------
2020-06-20 16:26:24,355 INFO =*=*=*=*=*=*=*=*=*=*=*=*=*=*=*=*=*=*=*=*=*
2020-06-20 16:26:24,358 INFO =*=*=*=*=*=.      NEW LOG      =*=*=*=*=*
2020-06-20 16:26:24,361 INFO =*=*=*=*=*=*=*=*=*=*=*=*=*=*=*=*=*=*=*=*=*
2020-06-20 16:31:47,530 INFO =*=*=*=*=*=*=*=*=*=*=*=*=*=*=*=*=*=*=*=*=*
2020-06-20 16:31:47,533 INFO =*=*=*=*=*=.      NEW LOG      =*=*=*=*=*
2020-06-20 16:31:47,534 INFO =*=*=*=*=*=*=*=*=*=*=*=*=*=*=*=*=*=*=*=*=*
2020-06-20 16:35:00,212 INFO =*=*=*=*=*=*=*=*=*=*=*=*=*=*=*=*=*=*=*=*=*
2020-06-20 16:35:00,213 INFO =*=*=*=*=*=.      NEW LOG      =*=*=*=*=*
2020-06-20 16:35:00,214 INFO =*=*=*=*=*=*=*=*=*=*=*=*=*=*=*=*=*=*=*=*=*
2020-06-20 16:38:51,641 INFO =*=*=*=*=*=*=*=*=*=*=*=*=*=*=*=*=*=*=*=*=*
2020-06-20 16:38:51,643 INFO =*=*=*=*=*=.      NEW LOG      =*=*=*=*=*
2020-06-20 16:38:51,644 INFO =*=*=*=*=*=*=*=*=*=*=*=*=*=*=*=*=*=*=*=*=*
2020-06-20 16:44:12,078 INFO =*=*=*=*=*=*=*=*=*=*=*=*=*=*=*=*=*=*=*=*=*
2020-06-20 16:44:12,080 INFO =*=*=*=*=*=.      NEW LOG      =*=*=*=*=*
2020-06-20 16:44:12,082 INFO =*=*=*=*=*=*=*=*=*=*=*=*=*=*=*=*=*=*=*=*=*
2020-06-20 16:45:36,146 INFO =*=*=*=*=*=*=*=*=*=*=*=*=*=*=*=*=*=*=*=*=*
2020-06-20 16:45:36,148 INFO =*=*=*=*=*=.      NEW LOG      =*=*=*=*=*
2020-06-20 16:45:36,149 INFO =*=*=*=*=*=*=*=*=*=*=*=*=*=*=*=*=*=*=*=*=*
2020-06-20 16:46:08,819 INFO =*=*=*=*=*=*=*=*=*=*=*=*=*=*=*=*=*=*=*=*=*
2020-06-20 16:46:08,821 INFO =*=*=*=*=*=.      NEW LOG      =*=*=*=*=*
2020-06-20 16:46:08,822 INFO =*=*=*=*=*=*=*=*=*=*=*=*=*=*=*=*=*=*=*=*=*
2020-06-20 16:51:46,812 INFO =*=*=*=*=*=*=*=*=*=*=*=*=*=*=*=*=*=*=*=*=*
2020-06-20 16:51:46,813 INFO =*=*=*=*=*=.      NEW LOG      =*=*=*=*=*
2020-06-20 16:51:46,814 INFO =*=*=*=*=*=*=*=*=*=*=*=*=*=*=*=*=*=*=*=*=*
2020-06-20 16:52:56,273 INFO =*=*=*=*=*=*=*=*=*=*=*=*=*=*=*=*=*=*=*=*=*
2020-06-20 16:52:56,276 INFO =*=*=*=*=*=.      NEW LOG      =*=*=*=*=*
2020-06-20 16:52:56,277 INFO =*=*=*=*=*=*=*=*=*=*=*=*=*=*=*=*=*=*=*=*=*
2020-06-20 17:32:15,441 INFO =*=*=*=*=*=*=*=*=*=*=*=*=*=*=*=*=*=*=*=*=*
2020-06-20 17:32:15,442 INFO =*=*=*=*=*=.      NEW LOG      =*=*=*=*=*
2020-06-20 17:32:15,444 INFO =*=*=*=*=*=*=*=*=*=*=*=*=*=*=*=*=*=*=*=*=*
2020-06-21 01:53:24,905 INFO =*=*=*=*=*=*=*=*=*=*=*=*=*=*=*=*=*=*=*=*=*
2020-06-21 01:53:24,907 INFO =*=*=*=*=*=.      NEW LOG      =*=*=*=*=*
2020-06-21 01:53:24,908 INFO =*=*=*=*=*=*=*=*=*=*=*=*=*=*=*=*=*=*=*=*=*
2020-06-21 02:04:09,238 INFO =*=*=*=*=*=*=*=*=*=*=*=*=*=*=*=*=*=*=*=*=*
2020-06-21 02:04:09,239 INFO =*=*=*=*=*=.      NEW LOG      =*=*=*=*=*
2020-06-21 02:04:09,241 INFO =*=*=*=*=*=*=*=*=*=*=*=*=*=*=*=*=*=*=*=*=*
2020-06-21 02:04:21,164 INFO =*=*=*=*=*=*=*=*=*=*=*=*=*=*=*=*=*=*=*=*=*
2020-06-21 02:04:21,166 INFO =*=*=*=*=*=.      NEW LOG      =*=*=*=*=*
2020-06-21 02:04:21,168 INFO =*=*=*=*=*=*=*=*=*=*=*=*=*=*=*=*=*=*=*=*=*
2020-06-21 02:15:49,869 INFO =*=*=*=*=*=*=*=*=*=*=*=*=*=*=*=*=*=*=*=*=*
2020-06-21 02:15:49,872 INFO =*=*=*=*=*=.      NEW LOG      =*=*=*=*=*
2020-06-21 02:15:49,873 INFO =*=*=*=*=*=*=*=*=*=*=*=*=*=*=*=*=*=*=*=*=*
2020-06-21 02:20:48,866 INFO =*=*=*=*=*=*=*=*=*=*=*=*=*=*=*=*=*=*=*=*=*
2020-06-21 02:20:48,867 INFO =*=*=*=*=*=.      NEW LOG      =*=*=*=*=*
2020-06-21 02:20:48,869 INFO =*=*=*=*=*=*=*=*=*=*=*=*=*=*=*=*=*=*=*=*=*
2020-06-21 02:24:51,521 INFO =*=*=*=*=*=*=*=*=*=*=*=*=*=*=*=*=*=*=*=*=*
2020-06-21 02:24:51,523 INFO =*=*=*=*=*=.      NEW LOG      =*=*=*=*=*
2020-06-21 02:24:51,525 INFO =*=*=*=*=*=*=*=*=*=*=*=*=*=*=*=*=*=*=*=*=*
2020-06-21 02:33:32,951 INFO =*=*=*=*=*=*=*=*=*=*=*=*=*=*=*=*=*=*=*=*=*
2020-06-21 02:33:32,953 INFO =*=*=*=*=*=.      NEW LOG      =*=*=*=*=*
2020-06-21 02:33:32,953 INFO =*=*=*=*=*=*=*=*=*=*=*=*=*=*=*=*=*=*=*=*=*
2020-06-21 02:36:14,081 INFO =*=*=*=*=*=*=*=*=*=*=*=*=*=*=*=*=*=*=*=*=*
2020-06-21 02:36:14,082 INFO =*=*=*=*=*=.      NEW LOG      =*=*=*=*=*
2020-06-21 02:36:14,083 INFO =*=*=*=*=*=*=*=*=*=*=*=*=*=*=*=*=*=*=*=*=*
2020-06-21 02:36:16,022 INFO BEST PLAYER VERSION: 0
2020-06-21 02:36:16,023 INFO ====================
2020-06-21 02:36:16,024 INFO EPISODE 1 OF 30
2020-06-21 02:36:16,025 INFO ====================
2020-06-21 02:36:16,026 INFO best_player plays as X
2020-06-21 02:36:16,028 INFO --------------
2020-06-21 02:36:16,029 INFO ['-', '-', '-', '-', '-', '-', '-']
2020-06-21 02:36:16,029 INFO ['-', '-', '-', '-', '-', '-', '-']
2020-06-21 02:36:16,030 INFO ['-', '-', '-', '-', '-', '-', '-']
2020-06-21 02:36:16,031 INFO ['-', '-', '-', '-', '-', '-', '-']
2020-06-21 02:36:16,032 INFO ['-', '-', '-', '-', '-', '-', '-']
2020-06-21 02:36:16,033 INFO ['-', '-', '-', '-', '-', '-', '-']
2020-06-21 02:36:16,034 INFO --------------
2020-06-21 02:36:20,532 INFO action: 38
2020-06-21 02:36:20,532 INFO ['----', '----', '----', '----', '----', '----', '----']
2020-06-21 02:36:20,532 INFO ['----', '----', '----', '----', '----', '----', '----']
2020-06-21 02:36:20,533 INFO ['----', '----', '----', '----', '----', '----', '----']
2020-06-21 02:36:20,534 INFO ['----', '----', '----', '----', '----', '----', '----']
2020-06-21 02:36:20,535 INFO ['----', '----', '----', '----', '----', '----', '----']
2020-06-21 02:36:20,536 INFO ['0.14', '0.12', '0.16', '0.18', '0.12', '0.12', '0.14']
2020-06-21 02:36:20,537 INFO MCTS perceived value for X: 0.100000
2020-06-21 02:36:20,539 INFO NN perceived value for X: -0.090000
2020-06-21 02:36:20,539 INFO ====================
2020-06-21 02:36:20,540 INFO ['-', '-', '-', '-', '-', '-', '-']
2020-06-21 02:36:20,541 INFO ['-', '-', '-', '-', '-', '-', '-']
2020-06-21 02:36:20,542 INFO ['-', '-', '-', '-', '-', '-', '-']
2020-06-21 02:36:20,543 INFO ['-', '-', '-', '-', '-', '-', '-']
2020-06-21 02:36:20,545 INFO ['-', '-', '-', '-', '-', '-', '-']
2020-06-21 02:36:20,547 INFO ['-', '-', '-', 'X', '-', '-', '-']
2020-06-21 02:36:20,548 INFO --------------
2020-06-21 02:36:36,373 INFO =*=*=*=*=*=*=*=*=*=*=*=*=*=*=*=*=*=*=*=*=*
2020-06-21 02:36:36,375 INFO =*=*=*=*=*=.      NEW LOG      =*=*=*=*=*
2020-06-21 02:36:36,376 INFO =*=*=*=*=*=*=*=*=*=*=*=*=*=*=*=*=*=*=*=*=*
2020-06-21 02:43:44,060 INFO =*=*=*=*=*=*=*=*=*=*=*=*=*=*=*=*=*=*=*=*=*
2020-06-21 02:43:44,062 INFO =*=*=*=*=*=.      NEW LOG      =*=*=*=*=*
2020-06-21 02:43:44,063 INFO =*=*=*=*=*=*=*=*=*=*=*=*=*=*=*=*=*=*=*=*=*
2020-06-21 02:53:07,693 INFO =*=*=*=*=*=*=*=*=*=*=*=*=*=*=*=*=*=*=*=*=*
2020-06-21 02:53:07,695 INFO =*=*=*=*=*=.      NEW LOG      =*=*=*=*=*
2020-06-21 02:53:07,697 INFO =*=*=*=*=*=*=*=*=*=*=*=*=*=*=*=*=*=*=*=*=*
2020-06-21 03:06:45,234 INFO =*=*=*=*=*=*=*=*=*=*=*=*=*=*=*=*=*=*=*=*=*
2020-06-21 03:06:45,236 INFO =*=*=*=*=*=.      NEW LOG      =*=*=*=*=*
2020-06-21 03:06:45,238 INFO =*=*=*=*=*=*=*=*=*=*=*=*=*=*=*=*=*=*=*=*=*
2020-06-21 03:06:47,967 INFO BEST PLAYER VERSION: 0
2020-06-21 03:06:47,969 INFO ====================
2020-06-21 03:06:47,969 INFO EPISODE 1 OF 30
2020-06-21 03:06:47,970 INFO ====================
2020-06-21 03:06:47,971 INFO best_player plays as X
2020-06-21 03:06:47,972 INFO ['-', '-', '-', '-', '-', '-', '-']
2020-06-21 03:06:47,973 INFO ['-', '-', '-', '-', '-', '-', '-']
2020-06-21 03:06:47,973 INFO ['-', '-', '-', '-', '-', '-', '-']
2020-06-21 03:06:47,974 INFO ['-', '-', '-', '-', '-', '-', '-']
2020-06-21 03:06:47,975 INFO ['-', '-', '-', '-', '-', '-', '-']
2020-06-21 03:06:47,976 INFO ['-', '-', '-', '-', '-', '-', '-']
2020-06-21 03:06:47,976 INFO --------------
2020-06-21 03:06:52,453 INFO action: 36
2020-06-21 03:06:52,454 INFO ['----', '----', '----', '----', '----', '----', '----']
2020-06-21 03:06:52,454 INFO ['----', '----', '----', '----', '----', '----', '----']
2020-06-21 03:06:52,455 INFO ['----', '----', '----', '----', '----', '----', '----']
2020-06-21 03:06:52,455 INFO ['----', '----', '----', '----', '----', '----', '----']
2020-06-21 03:06:52,456 INFO ['----', '----', '----', '----', '----', '----', '----']
2020-06-21 03:06:52,457 INFO ['0.16', '0.14', '0.14', '0.12', '0.14', '0.14', '0.14']
2020-06-21 03:06:52,458 INFO MCTS perceived value for X: -0.000000
2020-06-21 03:06:52,459 INFO NN perceived value for X: 0.000000
2020-06-21 03:06:52,460 INFO ====================
2020-06-21 03:06:52,462 INFO ['-', '-', '-', '-', '-', '-', '-']
2020-06-21 03:06:52,462 INFO ['-', '-', '-', '-', '-', '-', '-']
2020-06-21 03:06:52,464 INFO ['-', '-', '-', '-', '-', '-', '-']
2020-06-21 03:06:52,466 INFO ['-', '-', '-', '-', '-', '-', '-']
2020-06-21 03:06:52,466 INFO ['-', '-', '-', '-', '-', '-', '-']
2020-06-21 03:06:52,467 INFO ['-', 'X', '-', '-', '-', '-', '-']
2020-06-21 03:06:52,468 INFO --------------
2020-06-21 03:06:56,237 INFO action: 35
2020-06-21 03:06:56,237 INFO ['----', '----', '----', '----', '----', '----', '----']
2020-06-21 03:06:56,238 INFO ['----', '----', '----', '----', '----', '----', '----']
2020-06-21 03:06:56,238 INFO ['----', '----', '----', '----', '----', '----', '----']
2020-06-21 03:06:56,239 INFO ['----', '----', '----', '----', '----', '----', '----']
2020-06-21 03:06:56,240 INFO ['----', '0.12', '----', '----', '----', '----', '----']
2020-06-21 03:06:56,240 INFO ['0.12', '----', '0.16', '0.12', '0.18', '0.14', '0.14']
2020-06-21 03:06:56,241 INFO MCTS perceived value for O: -0.010000
2020-06-21 03:06:56,242 INFO NN perceived value for O: -0.020000
2020-06-21 03:06:56,243 INFO ====================
2020-06-21 03:06:56,243 INFO ['-', '-', '-', '-', '-', '-', '-']
2020-06-21 03:06:56,244 INFO ['-', '-', '-', '-', '-', '-', '-']
2020-06-21 03:06:56,245 INFO ['-', '-', '-', '-', '-', '-', '-']
2020-06-21 03:06:56,245 INFO ['-', '-', '-', '-', '-', '-', '-']
2020-06-21 03:06:56,246 INFO ['-', '-', '-', '-', '-', '-', '-']
2020-06-21 03:06:56,247 INFO ['O', 'X', '-', '-', '-', '-', '-']
2020-06-21 03:06:56,247 INFO --------------
2020-06-21 03:06:59,900 INFO action: 38
2020-06-21 03:06:59,902 INFO ['----', '----', '----', '----', '----', '----', '----']
2020-06-21 03:06:59,903 INFO ['----', '----', '----', '----', '----', '----', '----']
2020-06-21 03:06:59,904 INFO ['----', '----', '----', '----', '----', '----', '----']
2020-06-21 03:06:59,905 INFO ['----', '----', '----', '----', '----', '----', '----']
2020-06-21 03:06:59,906 INFO ['0.12', '0.16', '----', '----', '----', '----', '----']
2020-06-21 03:06:59,907 INFO ['----', '----', '0.16', '0.11', '0.16', '0.14', '0.14']
2020-06-21 03:06:59,908 INFO MCTS perceived value for X: -0.020000
2020-06-21 03:06:59,909 INFO NN perceived value for X: -0.020000
2020-06-21 03:06:59,909 INFO ====================
2020-06-21 03:06:59,910 INFO ['-', '-', '-', '-', '-', '-', '-']
2020-06-21 03:06:59,911 INFO ['-', '-', '-', '-', '-', '-', '-']
2020-06-21 03:06:59,912 INFO ['-', '-', '-', '-', '-', '-', '-']
2020-06-21 03:06:59,913 INFO ['-', '-', '-', '-', '-', '-', '-']
2020-06-21 03:06:59,913 INFO ['-', '-', '-', '-', '-', '-', '-']
2020-06-21 03:06:59,914 INFO ['O', 'X', '-', 'X', '-', '-', '-']
2020-06-21 03:06:59,915 INFO --------------
2020-06-21 03:07:03,787 INFO action: 28
2020-06-21 03:07:03,788 INFO ['----', '----', '----', '----', '----', '----', '----']
2020-06-21 03:07:03,789 INFO ['----', '----', '----', '----', '----', '----', '----']
2020-06-21 03:07:03,790 INFO ['----', '----', '----', '----', '----', '----', '----']
2020-06-21 03:07:03,791 INFO ['----', '----', '----', '----', '----', '----', '----']
2020-06-21 03:07:03,792 INFO ['0.13', '0.15', '----', '0.13', '----', '----', '----']
2020-06-21 03:07:03,793 INFO ['----', '----', '0.18', '----', '0.16', '0.11', '0.15']
2020-06-21 03:07:03,794 INFO MCTS perceived value for O: -0.000000
2020-06-21 03:07:03,795 INFO NN perceived value for O: 0.030000
2020-06-21 03:07:03,796 INFO ====================
2020-06-21 03:07:03,797 INFO ['-', '-', '-', '-', '-', '-', '-']
2020-06-21 03:07:03,798 INFO ['-', '-', '-', '-', '-', '-', '-']
2020-06-21 03:07:03,799 INFO ['-', '-', '-', '-', '-', '-', '-']
2020-06-21 03:07:03,800 INFO ['-', '-', '-', '-', '-', '-', '-']
2020-06-21 03:07:03,801 INFO ['O', '-', '-', '-', '-', '-', '-']
2020-06-21 03:07:03,802 INFO ['O', 'X', '-', 'X', '-', '-', '-']
2020-06-21 03:07:03,803 INFO --------------
2020-06-21 03:07:07,371 INFO action: 41
2020-06-21 03:07:07,372 INFO ['----', '----', '----', '----', '----', '----', '----']
2020-06-21 03:07:07,372 INFO ['----', '----', '----', '----', '----', '----', '----']
2020-06-21 03:07:07,373 INFO ['----', '----', '----', '----', '----', '----', '----']
2020-06-21 03:07:07,374 INFO ['0.14', '----', '----', '----', '----', '----', '----']
2020-06-21 03:07:07,375 INFO ['----', '0.12', '----', '0.11', '----', '----', '----']
2020-06-21 03:07:07,377 INFO ['----', '----', '0.14', '----', '0.18', '0.12', '0.18']
2020-06-21 03:07:07,377 INFO MCTS perceived value for X: -0.000000
2020-06-21 03:07:07,378 INFO NN perceived value for X: 0.020000
2020-06-21 03:07:07,379 INFO ====================
2020-06-21 03:07:07,380 INFO ['-', '-', '-', '-', '-', '-', '-']
2020-06-21 03:07:07,381 INFO ['-', '-', '-', '-', '-', '-', '-']
2020-06-21 03:07:07,381 INFO ['-', '-', '-', '-', '-', '-', '-']
2020-06-21 03:07:07,382 INFO ['-', '-', '-', '-', '-', '-', '-']
2020-06-21 03:07:07,382 INFO ['O', '-', '-', '-', '-', '-', '-']
2020-06-21 03:07:07,383 INFO ['O', 'X', '-', 'X', '-', '-', 'X']
2020-06-21 03:07:07,384 INFO --------------
2020-06-21 03:07:11,035 INFO action: 37
2020-06-21 03:07:11,036 INFO ['----', '----', '----', '----', '----', '----', '----']
2020-06-21 03:07:11,037 INFO ['----', '----', '----', '----', '----', '----', '----']
2020-06-21 03:07:11,037 INFO ['----', '----', '----', '----', '----', '----', '----']
2020-06-21 03:07:11,038 INFO ['0.19', '----', '----', '----', '----', '----', '----']
2020-06-21 03:07:11,039 INFO ['----', '0.12', '----', '0.12', '----', '----', '0.14']
2020-06-21 03:07:11,040 INFO ['----', '----', '0.15', '----', '0.17', '0.12', '----']
2020-06-21 03:07:11,041 INFO MCTS perceived value for O: 0.020000
2020-06-21 03:07:11,042 INFO NN perceived value for O: 0.000000
2020-06-21 03:07:11,043 INFO ====================
2020-06-21 03:07:11,044 INFO ['-', '-', '-', '-', '-', '-', '-']
2020-06-21 03:07:11,046 INFO ['-', '-', '-', '-', '-', '-', '-']
2020-06-21 03:07:11,050 INFO ['-', '-', '-', '-', '-', '-', '-']
2020-06-21 03:07:11,051 INFO ['-', '-', '-', '-', '-', '-', '-']
2020-06-21 03:07:11,052 INFO ['O', '-', '-', '-', '-', '-', '-']
2020-06-21 03:07:11,052 INFO ['O', 'X', 'O', 'X', '-', '-', 'X']
2020-06-21 03:07:11,053 INFO --------------
2020-06-21 03:07:15,176 INFO action: 34
2020-06-21 03:07:15,176 INFO ['----', '----', '----', '----', '----', '----', '----']
2020-06-21 03:07:15,177 INFO ['----', '----', '----', '----', '----', '----', '----']
2020-06-21 03:07:15,178 INFO ['----', '----', '----', '----', '----', '----', '----']
2020-06-21 03:07:15,178 INFO ['0.14', '----', '----', '----', '----', '----', '----']
2020-06-21 03:07:15,179 INFO ['----', '0.14', '0.12', '0.14', '----', '----', '0.14']
2020-06-21 03:07:15,180 INFO ['----', '----', '----', '----', '0.16', '0.17', '----']
2020-06-21 03:07:15,181 INFO MCTS perceived value for X: -0.020000
2020-06-21 03:07:15,181 INFO NN perceived value for X: 0.000000
2020-06-21 03:07:15,182 INFO ====================
2020-06-21 03:07:15,183 INFO ['-', '-', '-', '-', '-', '-', '-']
2020-06-21 03:07:15,185 INFO ['-', '-', '-', '-', '-', '-', '-']
2020-06-21 03:07:15,185 INFO ['-', '-', '-', '-', '-', '-', '-']
2020-06-21 03:07:15,186 INFO ['-', '-', '-', '-', '-', '-', '-']
2020-06-21 03:07:15,187 INFO ['O', '-', '-', '-', '-', '-', 'X']
2020-06-21 03:07:15,188 INFO ['O', 'X', 'O', 'X', '-', '-', 'X']
2020-06-21 03:07:15,189 INFO --------------
2020-06-21 03:07:18,723 INFO action: 40
2020-06-21 03:07:18,724 INFO ['----', '----', '----', '----', '----', '----', '----']
2020-06-21 03:07:18,725 INFO ['----', '----', '----', '----', '----', '----', '----']
2020-06-21 03:07:18,726 INFO ['----', '----', '----', '----', '----', '----', '----']
2020-06-21 03:07:18,727 INFO ['0.14', '----', '----', '----', '----', '----', '0.14']
2020-06-21 03:07:18,728 INFO ['----', '0.14', '0.19', '0.11', '----', '----', '----']
2020-06-21 03:07:18,729 INFO ['----', '----', '----', '----', '0.16', '0.12', '----']
2020-06-21 03:07:18,730 INFO MCTS perceived value for O: -0.010000
2020-06-21 03:07:18,733 INFO NN perceived value for O: 0.050000
2020-06-21 03:07:18,734 INFO ====================
2020-06-21 03:07:18,737 INFO ['-', '-', '-', '-', '-', '-', '-']
2020-06-21 03:07:18,738 INFO ['-', '-', '-', '-', '-', '-', '-']
2020-06-21 03:07:18,739 INFO ['-', '-', '-', '-', '-', '-', '-']
2020-06-21 03:07:18,740 INFO ['-', '-', '-', '-', '-', '-', '-']
2020-06-21 03:07:18,741 INFO ['O', '-', '-', '-', '-', '-', 'X']
2020-06-21 03:07:18,742 INFO ['O', 'X', 'O', 'X', '-', 'O', 'X']
2020-06-21 03:07:18,743 INFO --------------
2020-06-21 03:07:22,653 INFO action: 27
2020-06-21 03:07:22,654 INFO ['----', '----', '----', '----', '----', '----', '----']
2020-06-21 03:07:22,655 INFO ['----', '----', '----', '----', '----', '----', '----']
2020-06-21 03:07:22,655 INFO ['----', '----', '----', '----', '----', '----', '----']
2020-06-21 03:07:22,656 INFO ['0.14', '----', '----', '----', '----', '----', '0.12']
2020-06-21 03:07:22,657 INFO ['----', '0.14', '0.14', '0.12', '----', '0.14', '----']
2020-06-21 03:07:22,657 INFO ['----', '----', '----', '----', '0.18', '----', '----']
2020-06-21 03:07:22,658 INFO MCTS perceived value for X: -0.060000
2020-06-21 03:07:22,658 INFO NN perceived value for X: 0.010000
2020-06-21 03:07:22,659 INFO ====================
2020-06-21 03:07:22,665 INFO ['-', '-', '-', '-', '-', '-', '-']
2020-06-21 03:07:22,666 INFO ['-', '-', '-', '-', '-', '-', '-']
2020-06-21 03:07:22,667 INFO ['-', '-', '-', '-', '-', '-', '-']
2020-06-21 03:07:22,668 INFO ['-', '-', '-', '-', '-', '-', 'X']
2020-06-21 03:07:22,669 INFO ['O', '-', '-', '-', '-', '-', 'X']
2020-06-21 03:07:22,670 INFO ['O', 'X', 'O', 'X', '-', 'O', 'X']
2020-06-21 03:07:22,671 INFO --------------
2020-06-21 03:07:26,950 INFO action: 20
2020-06-21 03:07:26,951 INFO ['----', '----', '----', '----', '----', '----', '----']
2020-06-21 03:07:26,951 INFO ['----', '----', '----', '----', '----', '----', '----']
2020-06-21 03:07:26,952 INFO ['----', '----', '----', '----', '----', '----', '0.75']
2020-06-21 03:07:26,953 INFO ['0.07', '----', '----', '----', '----', '----', '----']
2020-06-21 03:07:26,954 INFO ['----', '0.04', '0.04', '0.04', '----', '0.04', '----']
2020-06-21 03:07:26,956 INFO ['----', '----', '----', '----', '0.04', '----', '----']
2020-06-21 03:07:26,957 INFO MCTS perceived value for O: 0.050000
2020-06-21 03:07:26,958 INFO NN perceived value for O: 0.120000
2020-06-21 03:07:26,959 INFO ====================
2020-06-21 03:07:26,960 INFO ['-', '-', '-', '-', '-', '-', '-']
2020-06-21 03:07:26,961 INFO ['-', '-', '-', '-', '-', '-', '-']
2020-06-21 03:07:26,962 INFO ['-', '-', '-', '-', '-', '-', 'O']
2020-06-21 03:07:26,963 INFO ['-', '-', '-', '-', '-', '-', 'X']
2020-06-21 03:07:26,964 INFO ['O', '-', '-', '-', '-', '-', 'X']
2020-06-21 03:07:26,964 INFO ['O', 'X', 'O', 'X', '-', 'O', 'X']
2020-06-21 03:07:26,965 INFO --------------
2020-06-21 03:07:30,901 INFO action: 39
2020-06-21 03:07:30,902 INFO ['----', '----', '----', '----', '----', '----', '----']
2020-06-21 03:07:30,903 INFO ['----', '----', '----', '----', '----', '----', '0.15']
2020-06-21 03:07:30,904 INFO ['----', '----', '----', '----', '----', '----', '----']
2020-06-21 03:07:30,905 INFO ['0.15', '----', '----', '----', '----', '----', '----']
2020-06-21 03:07:30,907 INFO ['----', '0.11', '0.13', '0.14', '----', '0.12', '----']
2020-06-21 03:07:30,908 INFO ['----', '----', '----', '----', '0.19', '----', '----']
2020-06-21 03:07:30,909 INFO MCTS perceived value for X: -0.010000
2020-06-21 03:07:30,910 INFO NN perceived value for X: 0.030000
2020-06-21 03:07:30,911 INFO ====================
2020-06-21 03:07:30,912 INFO ['-', '-', '-', '-', '-', '-', '-']
2020-06-21 03:07:30,913 INFO ['-', '-', '-', '-', '-', '-', '-']
2020-06-21 03:07:30,914 INFO ['-', '-', '-', '-', '-', '-', 'O']
2020-06-21 03:07:30,915 INFO ['-', '-', '-', '-', '-', '-', 'X']
2020-06-21 03:07:30,916 INFO ['O', '-', '-', '-', '-', '-', 'X']
2020-06-21 03:07:30,917 INFO ['O', 'X', 'O', 'X', 'X', 'O', 'X']
2020-06-21 03:07:30,917 INFO --------------
2020-06-21 03:07:34,788 INFO action: 13
2020-06-21 03:07:34,789 INFO ['----', '----', '----', '----', '----', '----', '----']
2020-06-21 03:07:34,790 INFO ['----', '----', '----', '----', '----', '----', '0.20']
2020-06-21 03:07:34,791 INFO ['----', '----', '----', '----', '----', '----', '----']
2020-06-21 03:07:34,792 INFO ['0.12', '----', '----', '----', '----', '----', '----']
2020-06-21 03:07:34,793 INFO ['----', '0.11', '0.18', '0.11', '0.12', '0.17', '----']
2020-06-21 03:07:34,793 INFO ['----', '----', '----', '----', '----', '----', '----']
2020-06-21 03:07:34,795 INFO MCTS perceived value for O: 0.040000
2020-06-21 03:07:34,796 INFO NN perceived value for O: 0.080000
2020-06-21 03:07:34,798 INFO ====================
2020-06-21 03:07:34,801 INFO ['-', '-', '-', '-', '-', '-', '-']
2020-06-21 03:07:34,803 INFO ['-', '-', '-', '-', '-', '-', 'O']
2020-06-21 03:07:34,804 INFO ['-', '-', '-', '-', '-', '-', 'O']
2020-06-21 03:07:34,805 INFO ['-', '-', '-', '-', '-', '-', 'X']
2020-06-21 03:07:34,806 INFO ['O', '-', '-', '-', '-', '-', 'X']
2020-06-21 03:07:34,807 INFO ['O', 'X', 'O', 'X', 'X', 'O', 'X']
2020-06-21 03:07:34,807 INFO --------------
2020-06-21 03:07:39,193 INFO action: 29
2020-06-21 03:07:39,194 INFO ['----', '----', '----', '----', '----', '----', '0.15']
2020-06-21 03:07:39,194 INFO ['----', '----', '----', '----', '----', '----', '----']
2020-06-21 03:07:39,195 INFO ['----', '----', '----', '----', '----', '----', '----']
2020-06-21 03:07:39,196 INFO ['0.15', '----', '----', '----', '----', '----', '----']
2020-06-21 03:07:39,199 INFO ['----', '0.16', '0.15', '0.13', '0.11', '0.16', '----']
2020-06-21 03:07:39,200 INFO ['----', '----', '----', '----', '----', '----', '----']
2020-06-21 03:07:39,201 INFO MCTS perceived value for X: -0.050000
2020-06-21 03:07:39,202 INFO NN perceived value for X: 0.000000
2020-06-21 03:07:39,202 INFO ====================
2020-06-21 03:07:39,204 INFO ['-', '-', '-', '-', '-', '-', '-']
2020-06-21 03:07:39,205 INFO ['-', '-', '-', '-', '-', '-', 'O']
2020-06-21 03:07:39,205 INFO ['-', '-', '-', '-', '-', '-', 'O']
2020-06-21 03:07:39,206 INFO ['-', '-', '-', '-', '-', '-', 'X']
2020-06-21 03:07:39,206 INFO ['O', 'X', '-', '-', '-', '-', 'X']
2020-06-21 03:07:39,207 INFO ['O', 'X', 'O', 'X', 'X', 'O', 'X']
2020-06-21 03:07:39,207 INFO --------------
2020-06-21 03:07:42,783 INFO action: 6
2020-06-21 03:07:42,784 INFO ['----', '----', '----', '----', '----', '----', '0.19']
2020-06-21 03:07:42,785 INFO ['----', '----', '----', '----', '----', '----', '----']
2020-06-21 03:07:42,786 INFO ['----', '----', '----', '----', '----', '----', '----']
2020-06-21 03:07:42,787 INFO ['0.14', '0.12', '----', '----', '----', '----', '----']
2020-06-21 03:07:42,787 INFO ['----', '----', '0.15', '0.12', '0.14', '0.15', '----']
2020-06-21 03:07:42,788 INFO ['----', '----', '----', '----', '----', '----', '----']
2020-06-21 03:07:42,789 INFO MCTS perceived value for O: 0.050000
2020-06-21 03:07:42,790 INFO NN perceived value for O: 0.100000
2020-06-21 03:07:42,790 INFO ====================
2020-06-21 03:07:42,791 INFO ['-', '-', '-', '-', '-', '-', 'O']
2020-06-21 03:07:42,792 INFO ['-', '-', '-', '-', '-', '-', 'O']
2020-06-21 03:07:42,792 INFO ['-', '-', '-', '-', '-', '-', 'O']
2020-06-21 03:07:42,793 INFO ['-', '-', '-', '-', '-', '-', 'X']
2020-06-21 03:07:42,793 INFO ['O', 'X', '-', '-', '-', '-', 'X']
2020-06-21 03:07:42,794 INFO ['O', 'X', 'O', 'X', 'X', 'O', 'X']
2020-06-21 03:07:42,796 INFO --------------
2020-06-21 03:07:46,256 INFO action: 33
2020-06-21 03:07:46,256 INFO ['----', '----', '----', '----', '----', '----', '----']
2020-06-21 03:07:46,257 INFO ['----', '----', '----', '----', '----', '----', '----']
2020-06-21 03:07:46,259 INFO ['----', '----', '----', '----', '----', '----', '----']
2020-06-21 03:07:46,260 INFO ['0.18', '0.17', '----', '----', '----', '----', '----']
2020-06-21 03:07:46,262 INFO ['----', '----', '0.15', '0.13', '0.17', '0.20', '----']
2020-06-21 03:07:46,263 INFO ['----', '----', '----', '----', '----', '----', '----']
2020-06-21 03:07:46,264 INFO MCTS perceived value for X: -0.030000
2020-06-21 03:07:46,265 INFO NN perceived value for X: 0.040000
2020-06-21 03:07:46,266 INFO ====================
2020-06-21 03:07:46,267 INFO ['-', '-', '-', '-', '-', '-', 'O']
2020-06-21 03:07:46,268 INFO ['-', '-', '-', '-', '-', '-', 'O']
2020-06-21 03:07:46,269 INFO ['-', '-', '-', '-', '-', '-', 'O']
2020-06-21 03:07:46,270 INFO ['-', '-', '-', '-', '-', '-', 'X']
2020-06-21 03:07:46,271 INFO ['O', 'X', '-', '-', '-', 'X', 'X']
2020-06-21 03:07:46,272 INFO ['O', 'X', 'O', 'X', 'X', 'O', 'X']
2020-06-21 03:07:46,273 INFO --------------
2020-06-21 03:07:49,738 INFO action: 30
2020-06-21 03:07:49,738 INFO ['----', '----', '----', '----', '----', '----', '----']
2020-06-21 03:07:49,739 INFO ['----', '----', '----', '----', '----', '----', '----']
2020-06-21 03:07:49,740 INFO ['----', '----', '----', '----', '----', '----', '----']
2020-06-21 03:07:49,740 INFO ['0.11', '0.10', '----', '----', '----', '0.16', '----']
2020-06-21 03:07:49,741 INFO ['----', '----', '0.28', '0.18', '0.16', '----', '----']
2020-06-21 03:07:49,741 INFO ['----', '----', '----', '----', '----', '----', '----']
2020-06-21 03:07:49,742 INFO MCTS perceived value for O: 0.060000
2020-06-21 03:07:49,743 INFO NN perceived value for O: 0.150000
2020-06-21 03:07:49,744 INFO ====================
2020-06-21 03:07:49,745 INFO ['-', '-', '-', '-', '-', '-', 'O']
2020-06-21 03:07:49,745 INFO ['-', '-', '-', '-', '-', '-', 'O']
2020-06-21 03:07:49,746 INFO ['-', '-', '-', '-', '-', '-', 'O']
2020-06-21 03:07:49,748 INFO ['-', '-', '-', '-', '-', '-', 'X']
2020-06-21 03:07:49,753 INFO ['O', 'X', 'O', '-', '-', 'X', 'X']
2020-06-21 03:07:49,754 INFO ['O', 'X', 'O', 'X', 'X', 'O', 'X']
2020-06-21 03:07:49,755 INFO --------------
2020-06-21 03:07:53,231 INFO action: 26
2020-06-21 03:07:53,232 INFO ['----', '----', '----', '----', '----', '----', '----']
2020-06-21 03:07:53,233 INFO ['----', '----', '----', '----', '----', '----', '----']
2020-06-21 03:07:53,235 INFO ['----', '----', '----', '----', '----', '----', '----']
2020-06-21 03:07:53,236 INFO ['0.17', '0.17', '0.14', '----', '----', '0.21', '----']
2020-06-21 03:07:53,237 INFO ['----', '----', '----', '0.15', '0.17', '----', '----']
2020-06-21 03:07:53,238 INFO ['----', '----', '----', '----', '----', '----', '----']
2020-06-21 03:07:53,240 INFO MCTS perceived value for X: -0.040000
2020-06-21 03:07:53,241 INFO NN perceived value for X: 0.020000
2020-06-21 03:07:53,242 INFO ====================
2020-06-21 03:07:53,243 INFO ['-', '-', '-', '-', '-', '-', 'O']
2020-06-21 03:07:53,245 INFO ['-', '-', '-', '-', '-', '-', 'O']
2020-06-21 03:07:53,246 INFO ['-', '-', '-', '-', '-', '-', 'O']
2020-06-21 03:07:53,247 INFO ['-', '-', '-', '-', '-', 'X', 'X']
2020-06-21 03:07:53,249 INFO ['O', 'X', 'O', '-', '-', 'X', 'X']
2020-06-21 03:07:53,250 INFO ['O', 'X', 'O', 'X', 'X', 'O', 'X']
2020-06-21 03:07:53,252 INFO --------------
2020-06-21 03:07:56,669 INFO action: 21
2020-06-21 03:07:56,670 INFO ['----', '----', '----', '----', '----', '----', '----']
2020-06-21 03:07:56,671 INFO ['----', '----', '----', '----', '----', '----', '----']
2020-06-21 03:07:56,672 INFO ['----', '----', '----', '----', '----', '0.14', '----']
2020-06-21 03:07:56,673 INFO ['0.33', '0.10', '0.13', '----', '----', '----', '----']
2020-06-21 03:07:56,674 INFO ['----', '----', '----', '0.14', '0.16', '----', '----']
2020-06-21 03:07:56,675 INFO ['----', '----', '----', '----', '----', '----', '----']
2020-06-21 03:07:56,676 INFO MCTS perceived value for O: 0.270000
2020-06-21 03:07:56,676 INFO NN perceived value for O: 0.160000
2020-06-21 03:07:56,677 INFO ====================
2020-06-21 03:07:56,680 INFO ['-', '-', '-', '-', '-', '-', 'O']
2020-06-21 03:07:56,681 INFO ['-', '-', '-', '-', '-', '-', 'O']
2020-06-21 03:07:56,682 INFO ['-', '-', '-', '-', '-', '-', 'O']
2020-06-21 03:07:56,683 INFO ['O', '-', '-', '-', '-', 'X', 'X']
2020-06-21 03:07:56,683 INFO ['O', 'X', 'O', '-', '-', 'X', 'X']
2020-06-21 03:07:56,684 INFO ['O', 'X', 'O', 'X', 'X', 'O', 'X']
2020-06-21 03:07:56,685 INFO --------------
2020-06-21 03:08:00,811 INFO action: 14
2020-06-21 03:08:00,812 INFO ['----', '----', '----', '----', '----', '----', '----']
2020-06-21 03:08:00,813 INFO ['----', '----', '----', '----', '----', '----', '----']
2020-06-21 03:08:00,814 INFO ['0.74', '----', '----', '----', '----', '0.10', '----']
2020-06-21 03:08:00,815 INFO ['----', '0.04', '0.03', '----', '----', '----', '----']
2020-06-21 03:08:00,816 INFO ['----', '----', '----', '0.04', '0.04', '----', '----']
2020-06-21 03:08:00,817 INFO ['----', '----', '----', '----', '----', '----', '----']
2020-06-21 03:08:00,818 INFO MCTS perceived value for X: -0.010000
2020-06-21 03:08:00,819 INFO NN perceived value for X: 0.030000
2020-06-21 03:08:00,820 INFO ====================
2020-06-21 03:08:00,821 INFO ['-', '-', '-', '-', '-', '-', 'O']
2020-06-21 03:08:00,822 INFO ['-', '-', '-', '-', '-', '-', 'O']
2020-06-21 03:08:00,823 INFO ['X', '-', '-', '-', '-', '-', 'O']
2020-06-21 03:08:00,823 INFO ['O', '-', '-', '-', '-', 'X', 'X']
2020-06-21 03:08:00,824 INFO ['O', 'X', 'O', '-', '-', 'X', 'X']
2020-06-21 03:08:00,825 INFO ['O', 'X', 'O', 'X', 'X', 'O', 'X']
2020-06-21 03:08:00,826 INFO --------------
2020-06-21 03:08:04,732 INFO action: 19
2020-06-21 03:08:04,733 INFO ['----', '----', '----', '----', '----', '----', '----']
2020-06-21 03:08:04,735 INFO ['0.14', '----', '----', '----', '----', '----', '----']
2020-06-21 03:08:04,736 INFO ['----', '----', '----', '----', '----', '0.20', '----']
2020-06-21 03:08:04,737 INFO ['----', '0.13', '0.18', '----', '----', '----', '----']
2020-06-21 03:08:04,738 INFO ['----', '----', '----', '0.17', '0.19', '----', '----']
2020-06-21 03:08:04,739 INFO ['----', '----', '----', '----', '----', '----', '----']
2020-06-21 03:08:04,740 INFO MCTS perceived value for O: 0.060000
2020-06-21 03:08:04,742 INFO NN perceived value for O: 0.190000
2020-06-21 03:08:04,743 INFO ====================
2020-06-21 03:08:04,744 INFO ['-', '-', '-', '-', '-', '-', 'O']
2020-06-21 03:08:04,745 INFO ['-', '-', '-', '-', '-', '-', 'O']
2020-06-21 03:08:04,747 INFO ['X', '-', '-', '-', '-', 'O', 'O']
2020-06-21 03:08:04,748 INFO ['O', '-', '-', '-', '-', 'X', 'X']
2020-06-21 03:08:04,749 INFO ['O', 'X', 'O', '-', '-', 'X', 'X']
2020-06-21 03:08:04,750 INFO ['O', 'X', 'O', 'X', 'X', 'O', 'X']
2020-06-21 03:08:04,751 INFO --------------
2020-06-21 03:08:08,542 INFO action: 32
2020-06-21 03:08:08,543 INFO ['----', '----', '----', '----', '----', '----', '----']
2020-06-21 03:08:08,544 INFO ['0.17', '----', '----', '----', '----', '0.14', '----']
2020-06-21 03:08:08,545 INFO ['----', '----', '----', '----', '----', '----', '----']
2020-06-21 03:08:08,546 INFO ['----', '0.16', '0.16', '----', '----', '----', '----']
2020-06-21 03:08:08,547 INFO ['----', '----', '----', '0.14', '0.22', '----', '----']
2020-06-21 03:08:08,548 INFO ['----', '----', '----', '----', '----', '----', '----']
2020-06-21 03:08:08,549 INFO MCTS perceived value for X: 0.040000
2020-06-21 03:08:08,550 INFO NN perceived value for X: 0.030000
2020-06-21 03:08:08,551 INFO ====================
2020-06-21 03:08:08,552 INFO ['-', '-', '-', '-', '-', '-', 'O']
2020-06-21 03:08:08,553 INFO ['-', '-', '-', '-', '-', '-', 'O']
2020-06-21 03:08:08,553 INFO ['X', '-', '-', '-', '-', 'O', 'O']
2020-06-21 03:08:08,554 INFO ['O', '-', '-', '-', '-', 'X', 'X']
2020-06-21 03:08:08,555 INFO ['O', 'X', 'O', '-', 'X', 'X', 'X']
2020-06-21 03:08:08,557 INFO ['O', 'X', 'O', 'X', 'X', 'O', 'X']
2020-06-21 03:08:08,558 INFO --------------
2020-06-21 03:14:26,269 INFO =*=*=*=*=*=*=*=*=*=*=*=*=*=*=*=*=*=*=*=*=*
2020-06-21 03:14:26,270 INFO =*=*=*=*=*=.      NEW LOG      =*=*=*=*=*
2020-06-21 03:14:26,271 INFO =*=*=*=*=*=*=*=*=*=*=*=*=*=*=*=*=*=*=*=*=*
2020-06-21 03:14:29,018 INFO BEST PLAYER VERSION: 0
2020-06-21 03:14:29,020 INFO ====================
2020-06-21 03:14:29,021 INFO EPISODE 1 OF 30
2020-06-21 03:14:29,022 INFO ====================
2020-06-21 03:14:29,024 INFO best_player plays as X
2020-06-21 03:14:29,025 INFO ['-', '-', '-', '-', '-', '-', '-']
2020-06-21 03:14:29,026 INFO ['-', '-', '-', '-', '-', '-', '-']
2020-06-21 03:14:29,026 INFO ['-', '-', '-', '-', '-', '-', '-']
2020-06-21 03:14:29,027 INFO ['-', '-', '-', '-', '-', '-', '-']
2020-06-21 03:14:29,028 INFO ['-', '-', '-', '-', '-', '-', '-']
2020-06-21 03:14:29,028 INFO ['-', '-', '-', '-', '-', '-', '-']
2020-06-21 03:14:29,029 INFO --------------
2020-06-21 03:14:33,258 INFO action: 36
2020-06-21 03:14:33,259 INFO ['----', '----', '----', '----', '----', '----', '----']
2020-06-21 03:14:33,260 INFO ['----', '----', '----', '----', '----', '----', '----']
2020-06-21 03:14:33,261 INFO ['----', '----', '----', '----', '----', '----', '----']
2020-06-21 03:14:33,262 INFO ['----', '----', '----', '----', '----', '----', '----']
2020-06-21 03:14:33,263 INFO ['----', '----', '----', '----', '----', '----', '----']
2020-06-21 03:14:33,264 INFO ['0.14', '0.16', '0.14', '0.16', '0.12', '0.12', '0.14']
2020-06-21 03:14:33,265 INFO MCTS perceived value for X: -0.050000
2020-06-21 03:14:33,266 INFO NN perceived value for X: 0.090000
2020-06-21 03:14:33,266 INFO ====================
2020-06-21 03:14:33,267 INFO ['-', '-', '-', '-', '-', '-', '-']
2020-06-21 03:14:33,268 INFO ['-', '-', '-', '-', '-', '-', '-']
2020-06-21 03:14:33,269 INFO ['-', '-', '-', '-', '-', '-', '-']
2020-06-21 03:14:33,269 INFO ['-', '-', '-', '-', '-', '-', '-']
2020-06-21 03:14:33,270 INFO ['-', '-', '-', '-', '-', '-', '-']
2020-06-21 03:14:33,270 INFO ['-', 'X', '-', '-', '-', '-', '-']
2020-06-21 03:14:33,271 INFO --------------
2020-06-21 03:14:36,919 INFO action: 41
2020-06-21 03:14:36,920 INFO ['----', '----', '----', '----', '----', '----', '----']
2020-06-21 03:14:36,921 INFO ['----', '----', '----', '----', '----', '----', '----']
2020-06-21 03:14:36,921 INFO ['----', '----', '----', '----', '----', '----', '----']
2020-06-21 03:14:36,922 INFO ['----', '----', '----', '----', '----', '----', '----']
2020-06-21 03:14:36,923 INFO ['----', '0.14', '----', '----', '----', '----', '----']
2020-06-21 03:14:36,923 INFO ['0.14', '----', '0.16', '0.14', '0.14', '0.12', '0.16']
2020-06-21 03:14:36,924 INFO MCTS perceived value for O: -0.030000
2020-06-21 03:14:36,925 INFO NN perceived value for O: 0.090000
2020-06-21 03:14:36,926 INFO ====================
2020-06-21 03:14:36,927 INFO ['-', '-', '-', '-', '-', '-', '-']
2020-06-21 03:14:36,927 INFO ['-', '-', '-', '-', '-', '-', '-']
2020-06-21 03:14:36,928 INFO ['-', '-', '-', '-', '-', '-', '-']
2020-06-21 03:14:36,929 INFO ['-', '-', '-', '-', '-', '-', '-']
2020-06-21 03:14:36,929 INFO ['-', '-', '-', '-', '-', '-', '-']
2020-06-21 03:14:36,930 INFO ['-', 'X', '-', '-', '-', '-', 'O']
2020-06-21 03:14:36,931 INFO --------------
2020-06-21 03:14:40,431 INFO action: 38
2020-06-21 03:14:40,432 INFO ['----', '----', '----', '----', '----', '----', '----']
2020-06-21 03:14:40,433 INFO ['----', '----', '----', '----', '----', '----', '----']
2020-06-21 03:14:40,434 INFO ['----', '----', '----', '----', '----', '----', '----']
2020-06-21 03:14:40,435 INFO ['----', '----', '----', '----', '----', '----', '----']
2020-06-21 03:14:40,436 INFO ['----', '0.12', '----', '----', '----', '----', '0.16']
2020-06-21 03:14:40,438 INFO ['0.12', '----', '0.14', '0.14', '0.19', '0.14', '----']
2020-06-21 03:14:40,440 INFO MCTS perceived value for X: -0.010000
2020-06-21 03:14:40,442 INFO NN perceived value for X: 0.200000
2020-06-21 03:14:40,443 INFO ====================
2020-06-21 03:14:40,445 INFO ['-', '-', '-', '-', '-', '-', '-']
2020-06-21 03:14:40,446 INFO ['-', '-', '-', '-', '-', '-', '-']
2020-06-21 03:14:40,447 INFO ['-', '-', '-', '-', '-', '-', '-']
2020-06-21 03:14:40,449 INFO ['-', '-', '-', '-', '-', '-', '-']
2020-06-21 03:14:40,451 INFO ['-', '-', '-', '-', '-', '-', '-']
2020-06-21 03:14:40,451 INFO ['-', 'X', '-', 'X', '-', '-', 'O']
2020-06-21 03:14:40,452 INFO --------------
2020-06-21 03:14:44,281 INFO action: 35
2020-06-21 03:14:44,282 INFO ['----', '----', '----', '----', '----', '----', '----']
2020-06-21 03:14:44,283 INFO ['----', '----', '----', '----', '----', '----', '----']
2020-06-21 03:14:44,284 INFO ['----', '----', '----', '----', '----', '----', '----']
2020-06-21 03:14:44,285 INFO ['----', '----', '----', '----', '----', '----', '----']
2020-06-21 03:14:44,286 INFO ['----', '0.14', '----', '0.14', '----', '----', '0.19']
2020-06-21 03:14:44,287 INFO ['0.18', '----', '0.12', '----', '0.12', '0.11', '----']
2020-06-21 03:14:44,288 INFO MCTS perceived value for O: -0.050000
2020-06-21 03:14:44,289 INFO NN perceived value for O: 0.090000
2020-06-21 03:14:44,290 INFO ====================
2020-06-21 03:14:44,291 INFO ['-', '-', '-', '-', '-', '-', '-']
2020-06-21 03:14:44,292 INFO ['-', '-', '-', '-', '-', '-', '-']
2020-06-21 03:14:44,293 INFO ['-', '-', '-', '-', '-', '-', '-']
2020-06-21 03:14:44,294 INFO ['-', '-', '-', '-', '-', '-', '-']
2020-06-21 03:14:44,295 INFO ['-', '-', '-', '-', '-', '-', '-']
2020-06-21 03:14:44,296 INFO ['O', 'X', '-', 'X', '-', '-', 'O']
2020-06-21 03:14:44,297 INFO --------------
2020-06-21 03:14:48,247 INFO action: 40
2020-06-21 03:14:48,248 INFO ['----', '----', '----', '----', '----', '----', '----']
2020-06-21 03:14:48,249 INFO ['----', '----', '----', '----', '----', '----', '----']
2020-06-21 03:14:48,249 INFO ['----', '----', '----', '----', '----', '----', '----']
2020-06-21 03:14:48,250 INFO ['----', '----', '----', '----', '----', '----', '----']
2020-06-21 03:14:48,251 INFO ['0.12', '0.17', '----', '0.14', '----', '----', '0.14']
2020-06-21 03:14:48,251 INFO ['----', '----', '0.15', '----', '0.14', '0.15', '----']
2020-06-21 03:14:48,252 INFO MCTS perceived value for X: -0.000000
2020-06-21 03:14:48,253 INFO NN perceived value for X: 0.220000
2020-06-21 03:14:48,254 INFO ====================
2020-06-21 03:14:48,254 INFO ['-', '-', '-', '-', '-', '-', '-']
2020-06-21 03:14:48,255 INFO ['-', '-', '-', '-', '-', '-', '-']
2020-06-21 03:14:48,256 INFO ['-', '-', '-', '-', '-', '-', '-']
2020-06-21 03:14:48,256 INFO ['-', '-', '-', '-', '-', '-', '-']
2020-06-21 03:14:48,257 INFO ['-', '-', '-', '-', '-', '-', '-']
2020-06-21 03:14:48,258 INFO ['O', 'X', '-', 'X', '-', 'X', 'O']
2020-06-21 03:14:48,259 INFO --------------
2020-06-21 03:14:52,407 INFO action: 29
2020-06-21 03:14:52,408 INFO ['----', '----', '----', '----', '----', '----', '----']
2020-06-21 03:14:52,408 INFO ['----', '----', '----', '----', '----', '----', '----']
2020-06-21 03:14:52,409 INFO ['----', '----', '----', '----', '----', '----', '----']
2020-06-21 03:14:52,410 INFO ['----', '----', '----', '----', '----', '----', '----']
2020-06-21 03:14:52,410 INFO ['0.17', '0.14', '----', '0.14', '----', '0.16', '0.14']
2020-06-21 03:14:52,411 INFO ['----', '----', '0.14', '----', '0.12', '----', '----']
2020-06-21 03:14:52,412 INFO MCTS perceived value for O: -0.040000
2020-06-21 03:14:52,412 INFO NN perceived value for O: 0.170000
2020-06-21 03:14:52,413 INFO ====================
2020-06-21 03:14:52,414 INFO ['-', '-', '-', '-', '-', '-', '-']
2020-06-21 03:14:52,415 INFO ['-', '-', '-', '-', '-', '-', '-']
2020-06-21 03:14:52,415 INFO ['-', '-', '-', '-', '-', '-', '-']
2020-06-21 03:14:52,416 INFO ['-', '-', '-', '-', '-', '-', '-']
2020-06-21 03:14:52,416 INFO ['-', 'O', '-', '-', '-', '-', '-']
2020-06-21 03:14:52,418 INFO ['O', 'X', '-', 'X', '-', 'X', 'O']
2020-06-21 03:14:52,418 INFO --------------
2020-06-21 03:14:56,265 INFO action: 39
2020-06-21 03:14:56,266 INFO ['----', '----', '----', '----', '----', '----', '----']
2020-06-21 03:14:56,267 INFO ['----', '----', '----', '----', '----', '----', '----']
2020-06-21 03:14:56,268 INFO ['----', '----', '----', '----', '----', '----', '----']
2020-06-21 03:14:56,269 INFO ['----', '0.14', '----', '----', '----', '----', '----']
2020-06-21 03:14:56,270 INFO ['0.18', '----', '----', '0.14', '----', '0.12', '0.12']
2020-06-21 03:14:56,271 INFO ['----', '----', '0.16', '----', '0.14', '----', '----']
2020-06-21 03:14:56,272 INFO MCTS perceived value for X: 0.030000
2020-06-21 03:14:56,273 INFO NN perceived value for X: 0.280000
2020-06-21 03:14:56,274 INFO ====================
2020-06-21 03:14:56,275 INFO ['-', '-', '-', '-', '-', '-', '-']
2020-06-21 03:14:56,276 INFO ['-', '-', '-', '-', '-', '-', '-']
2020-06-21 03:14:56,277 INFO ['-', '-', '-', '-', '-', '-', '-']
2020-06-21 03:14:56,277 INFO ['-', '-', '-', '-', '-', '-', '-']
2020-06-21 03:14:56,278 INFO ['-', 'O', '-', '-', '-', '-', '-']
2020-06-21 03:14:56,279 INFO ['O', 'X', '-', 'X', 'X', 'X', 'O']
2020-06-21 03:14:56,280 INFO --------------
2020-06-21 03:15:00,173 INFO action: 32
2020-06-21 03:15:00,174 INFO ['----', '----', '----', '----', '----', '----', '----']
2020-06-21 03:15:00,174 INFO ['----', '----', '----', '----', '----', '----', '----']
2020-06-21 03:15:00,175 INFO ['----', '----', '----', '----', '----', '----', '----']
2020-06-21 03:15:00,176 INFO ['----', '0.14', '----', '----', '----', '----', '----']
2020-06-21 03:15:00,177 INFO ['0.12', '----', '----', '0.14', '0.14', '0.18', '0.14']
2020-06-21 03:15:00,178 INFO ['----', '----', '0.14', '----', '----', '----', '----']
2020-06-21 03:15:00,179 INFO MCTS perceived value for O: -0.040000
2020-06-21 03:15:00,181 INFO NN perceived value for O: 0.220000
2020-06-21 03:15:00,181 INFO ====================
2020-06-21 03:15:00,183 INFO ['-', '-', '-', '-', '-', '-', '-']
2020-06-21 03:15:00,184 INFO ['-', '-', '-', '-', '-', '-', '-']
2020-06-21 03:15:00,185 INFO ['-', '-', '-', '-', '-', '-', '-']
2020-06-21 03:15:00,186 INFO ['-', '-', '-', '-', '-', '-', '-']
2020-06-21 03:15:00,187 INFO ['-', 'O', '-', '-', 'O', '-', '-']
2020-06-21 03:15:00,188 INFO ['O', 'X', '-', 'X', 'X', 'X', 'O']
2020-06-21 03:15:00,189 INFO --------------
2020-06-21 03:15:02,170 INFO action: 37
2020-06-21 03:15:02,171 INFO ['----', '----', '----', '----', '----', '----', '----']
2020-06-21 03:15:02,171 INFO ['----', '----', '----', '----', '----', '----', '----']
2020-06-21 03:15:02,172 INFO ['----', '----', '----', '----', '----', '----', '----']
2020-06-21 03:15:02,173 INFO ['----', '0.04', '----', '----', '0.04', '----', '----']
2020-06-21 03:15:02,173 INFO ['0.04', '----', '----', '0.04', '----', '0.04', '0.02']
2020-06-21 03:15:02,174 INFO ['----', '----', '0.81', '----', '----', '----', '----']
2020-06-21 03:15:02,175 INFO MCTS perceived value for X: 1.000000
2020-06-21 03:15:02,175 INFO NN perceived value for X: 0.360000
2020-06-21 03:15:02,176 INFO ====================
2020-06-21 03:15:02,177 INFO ['-', '-', '-', '-', '-', '-', '-']
2020-06-21 03:15:02,178 INFO ['-', '-', '-', '-', '-', '-', '-']
2020-06-21 03:15:02,179 INFO ['-', '-', '-', '-', '-', '-', '-']
2020-06-21 03:15:02,179 INFO ['-', '-', '-', '-', '-', '-', '-']
2020-06-21 03:15:02,180 INFO ['-', 'O', '-', '-', 'O', '-', '-']
2020-06-21 03:15:02,180 INFO ['O', 'X', 'X', 'X', 'X', 'X', 'O']
2020-06-21 03:15:02,181 INFO --------------
2020-06-21 03:15:02,182 INFO best_player WINS!
2020-06-21 03:15:02,183 INFO ====================
2020-06-21 03:15:02,183 INFO EPISODE 2 OF 30
2020-06-21 03:15:02,184 INFO ====================
2020-06-21 03:15:02,186 INFO best_player plays as X
2020-06-21 03:15:02,187 INFO --------------
2020-06-21 03:15:02,187 INFO ['-', '-', '-', '-', '-', '-', '-']
2020-06-21 03:15:02,188 INFO ['-', '-', '-', '-', '-', '-', '-']
2020-06-21 03:15:02,188 INFO ['-', '-', '-', '-', '-', '-', '-']
2020-06-21 03:15:02,189 INFO ['-', '-', '-', '-', '-', '-', '-']
2020-06-21 03:15:02,190 INFO ['-', '-', '-', '-', '-', '-', '-']
2020-06-21 03:15:02,190 INFO ['-', '-', '-', '-', '-', '-', '-']
2020-06-21 03:15:02,191 INFO --------------
2020-06-21 03:15:05,671 INFO action: 38
2020-06-21 03:15:05,671 INFO ['----', '----', '----', '----', '----', '----', '----']
2020-06-21 03:15:05,672 INFO ['----', '----', '----', '----', '----', '----', '----']
2020-06-21 03:15:05,673 INFO ['----', '----', '----', '----', '----', '----', '----']
2020-06-21 03:15:05,673 INFO ['----', '----', '----', '----', '----', '----', '----']
2020-06-21 03:15:05,674 INFO ['----', '----', '----', '----', '----', '----', '----']
2020-06-21 03:15:05,675 INFO ['0.12', '0.14', '0.14', '0.12', '0.16', '0.14', '0.16']
2020-06-21 03:15:05,675 INFO MCTS perceived value for X: -0.030000
2020-06-21 03:15:05,676 INFO NN perceived value for X: 0.130000
2020-06-21 03:15:05,677 INFO ====================
2020-06-21 03:15:05,677 INFO ['-', '-', '-', '-', '-', '-', '-']
2020-06-21 03:15:05,678 INFO ['-', '-', '-', '-', '-', '-', '-']
2020-06-21 03:15:05,679 INFO ['-', '-', '-', '-', '-', '-', '-']
2020-06-21 03:15:05,679 INFO ['-', '-', '-', '-', '-', '-', '-']
2020-06-21 03:15:05,680 INFO ['-', '-', '-', '-', '-', '-', '-']
2020-06-21 03:15:05,680 INFO ['-', '-', '-', 'X', '-', '-', '-']
2020-06-21 03:15:05,681 INFO --------------
2020-06-21 03:15:09,405 INFO action: 40
2020-06-21 03:15:09,406 INFO ['----', '----', '----', '----', '----', '----', '----']
2020-06-21 03:15:09,407 INFO ['----', '----', '----', '----', '----', '----', '----']
2020-06-21 03:15:09,408 INFO ['----', '----', '----', '----', '----', '----', '----']
2020-06-21 03:15:09,409 INFO ['----', '----', '----', '----', '----', '----', '----']
2020-06-21 03:15:09,410 INFO ['----', '----', '----', '0.15', '----', '----', '----']
2020-06-21 03:15:09,411 INFO ['0.15', '0.16', '0.15', '----', '0.13', '0.15', '0.13']
2020-06-21 03:15:09,411 INFO MCTS perceived value for O: -0.030000
2020-06-21 03:15:09,413 INFO NN perceived value for O: 0.060000
2020-06-21 03:15:09,413 INFO ====================
2020-06-21 03:15:09,415 INFO ['-', '-', '-', '-', '-', '-', '-']
2020-06-21 03:15:09,417 INFO ['-', '-', '-', '-', '-', '-', '-']
2020-06-21 03:15:09,418 INFO ['-', '-', '-', '-', '-', '-', '-']
2020-06-21 03:15:09,419 INFO ['-', '-', '-', '-', '-', '-', '-']
2020-06-21 03:15:09,420 INFO ['-', '-', '-', '-', '-', '-', '-']
2020-06-21 03:15:09,421 INFO ['-', '-', '-', 'X', '-', 'O', '-']
2020-06-21 03:15:09,422 INFO --------------
2020-06-21 03:15:12,852 INFO action: 41
2020-06-21 03:15:12,852 INFO ['----', '----', '----', '----', '----', '----', '----']
2020-06-21 03:15:12,853 INFO ['----', '----', '----', '----', '----', '----', '----']
2020-06-21 03:15:12,854 INFO ['----', '----', '----', '----', '----', '----', '----']
2020-06-21 03:15:12,854 INFO ['----', '----', '----', '----', '----', '----', '----']
2020-06-21 03:15:12,855 INFO ['----', '----', '----', '0.14', '----', '0.14', '----']
2020-06-21 03:15:12,855 INFO ['0.16', '0.12', '0.14', '----', '0.14', '----', '0.16']
2020-06-21 03:15:12,856 INFO MCTS perceived value for X: -0.030000
2020-06-21 03:15:12,857 INFO NN perceived value for X: 0.170000
2020-06-21 03:15:12,857 INFO ====================
2020-06-21 03:15:12,858 INFO ['-', '-', '-', '-', '-', '-', '-']
2020-06-21 03:15:12,859 INFO ['-', '-', '-', '-', '-', '-', '-']
2020-06-21 03:15:12,860 INFO ['-', '-', '-', '-', '-', '-', '-']
2020-06-21 03:15:12,861 INFO ['-', '-', '-', '-', '-', '-', '-']
2020-06-21 03:15:12,861 INFO ['-', '-', '-', '-', '-', '-', '-']
2020-06-21 03:15:12,862 INFO ['-', '-', '-', 'X', '-', 'O', 'X']
2020-06-21 03:15:12,863 INFO --------------
2020-06-21 03:15:16,609 INFO action: 31
2020-06-21 03:15:16,610 INFO ['----', '----', '----', '----', '----', '----', '----']
2020-06-21 03:15:16,611 INFO ['----', '----', '----', '----', '----', '----', '----']
2020-06-21 03:15:16,612 INFO ['----', '----', '----', '----', '----', '----', '----']
2020-06-21 03:15:16,612 INFO ['----', '----', '----', '----', '----', '----', '----']
2020-06-21 03:15:16,613 INFO ['----', '----', '----', '0.16', '----', '0.16', '0.16']
2020-06-21 03:15:16,614 INFO ['0.14', '0.16', '0.12', '----', '0.12', '----', '----']
2020-06-21 03:15:16,615 INFO MCTS perceived value for O: -0.040000
2020-06-21 03:15:16,615 INFO NN perceived value for O: 0.140000
2020-06-21 03:15:16,616 INFO ====================
2020-06-21 03:15:16,617 INFO ['-', '-', '-', '-', '-', '-', '-']
2020-06-21 03:15:16,618 INFO ['-', '-', '-', '-', '-', '-', '-']
2020-06-21 03:15:16,619 INFO ['-', '-', '-', '-', '-', '-', '-']
2020-06-21 03:15:16,620 INFO ['-', '-', '-', '-', '-', '-', '-']
2020-06-21 03:15:16,620 INFO ['-', '-', '-', 'O', '-', '-', '-']
2020-06-21 03:15:16,621 INFO ['-', '-', '-', 'X', '-', 'O', 'X']
2020-06-21 03:15:16,622 INFO --------------
2020-06-21 03:15:20,419 INFO action: 37
2020-06-21 03:15:20,420 INFO ['----', '----', '----', '----', '----', '----', '----']
2020-06-21 03:15:20,421 INFO ['----', '----', '----', '----', '----', '----', '----']
2020-06-21 03:15:20,422 INFO ['----', '----', '----', '----', '----', '----', '----']
2020-06-21 03:15:20,423 INFO ['----', '----', '----', '0.16', '----', '----', '----']
2020-06-21 03:15:20,424 INFO ['----', '----', '----', '----', '----', '0.12', '0.12']
2020-06-21 03:15:20,425 INFO ['0.16', '0.14', '0.16', '----', '0.16', '----', '----']
2020-06-21 03:15:20,425 INFO MCTS perceived value for X: -0.000000
2020-06-21 03:15:20,426 INFO NN perceived value for X: 0.220000
2020-06-21 03:15:20,427 INFO ====================
2020-06-21 03:15:20,428 INFO ['-', '-', '-', '-', '-', '-', '-']
2020-06-21 03:15:20,429 INFO ['-', '-', '-', '-', '-', '-', '-']
2020-06-21 03:15:20,430 INFO ['-', '-', '-', '-', '-', '-', '-']
2020-06-21 03:15:20,431 INFO ['-', '-', '-', '-', '-', '-', '-']
2020-06-21 03:15:20,432 INFO ['-', '-', '-', 'O', '-', '-', '-']
2020-06-21 03:15:20,433 INFO ['-', '-', 'X', 'X', '-', 'O', 'X']
2020-06-21 03:15:20,433 INFO --------------
2020-06-21 03:15:24,436 INFO action: 33
2020-06-21 03:15:24,437 INFO ['----', '----', '----', '----', '----', '----', '----']
2020-06-21 03:15:24,438 INFO ['----', '----', '----', '----', '----', '----', '----']
2020-06-21 03:15:24,438 INFO ['----', '----', '----', '----', '----', '----', '----']
2020-06-21 03:15:24,439 INFO ['----', '----', '----', '0.17', '----', '----', '----']
2020-06-21 03:15:24,440 INFO ['----', '----', '0.17', '----', '----', '0.16', '0.12']
2020-06-21 03:15:24,441 INFO ['0.10', '0.14', '----', '----', '0.14', '----', '----']
2020-06-21 03:15:24,442 INFO MCTS perceived value for O: 0.010000
2020-06-21 03:15:24,443 INFO NN perceived value for O: 0.150000
2020-06-21 03:15:24,443 INFO ====================
2020-06-21 03:15:24,445 INFO ['-', '-', '-', '-', '-', '-', '-']
2020-06-21 03:15:24,445 INFO ['-', '-', '-', '-', '-', '-', '-']
2020-06-21 03:15:24,446 INFO ['-', '-', '-', '-', '-', '-', '-']
2020-06-21 03:15:24,447 INFO ['-', '-', '-', '-', '-', '-', '-']
2020-06-21 03:15:24,448 INFO ['-', '-', '-', 'O', '-', 'O', '-']
2020-06-21 03:15:24,448 INFO ['-', '-', 'X', 'X', '-', 'O', 'X']
2020-06-21 03:15:24,449 INFO --------------
2020-06-21 03:15:28,242 INFO action: 24
2020-06-21 03:15:28,259 INFO ['----', '----', '----', '----', '----', '----', '----']
2020-06-21 03:15:28,260 INFO ['----', '----', '----', '----', '----', '----', '----']
2020-06-21 03:15:28,261 INFO ['----', '----', '----', '----', '----', '----', '----']
2020-06-21 03:15:28,262 INFO ['----', '----', '----', '0.14', '----', '0.14', '----']
2020-06-21 03:15:28,263 INFO ['----', '----', '0.16', '----', '----', '----', '0.16']
2020-06-21 03:15:28,264 INFO ['0.12', '0.17', '----', '----', '0.12', '----', '----']
2020-06-21 03:15:28,265 INFO MCTS perceived value for X: 0.030000
2020-06-21 03:15:28,265 INFO NN perceived value for X: 0.210000
2020-06-21 03:15:28,266 INFO ====================
2020-06-21 03:15:28,267 INFO ['-', '-', '-', '-', '-', '-', '-']
2020-06-21 03:15:28,268 INFO ['-', '-', '-', '-', '-', '-', '-']
2020-06-21 03:15:28,269 INFO ['-', '-', '-', '-', '-', '-', '-']
2020-06-21 03:15:28,269 INFO ['-', '-', '-', 'X', '-', '-', '-']
2020-06-21 03:15:28,270 INFO ['-', '-', '-', 'O', '-', 'O', '-']
2020-06-21 03:15:28,271 INFO ['-', '-', 'X', 'X', '-', 'O', 'X']
2020-06-21 03:15:28,271 INFO --------------
